[2019-12-18T18:25:27.283] [TRACE] login - 系统登录SQL ====== select username,password,o_username from m_users where username='ad0234829205b9033196ba818f7a872b' and password='e10adc3949ba59abbe56e057f20f883e';
[2019-12-18T18:25:27.285] [TRACE] login - 登录查找token-SQL ====== SELECT * FROM m_token WHERE username='test2'
[2019-12-18T18:25:36.959] [TRACE] login - 系统登录SQL ====== select username,password,o_username from m_users where username='ad0234829205b9033196ba818f7a872b' and password='e10adc3949ba59abbe56e057f20f883e';
[2019-12-18T18:25:36.960] [TRACE] login - 登录查找token-SQL ====== SELECT * FROM m_token WHERE username='test2'
[2019-12-18T18:25:39.127] [TRACE] login - 系统登录SQL ====== select username,password,o_username from m_users where username='ad0234829205b9033196ba818f7a872b' and password='e10adc3949ba59abbe56e057f20f883e';
[2019-12-18T18:25:39.129] [TRACE] login - 登录查找token-SQL ====== SELECT * FROM m_token WHERE username='test2'
[2019-12-18T18:25:39.527] [TRACE] login - 系统登录SQL ====== select username,password,o_username from m_users where username='ad0234829205b9033196ba818f7a872b' and password='e10adc3949ba59abbe56e057f20f883e';
[2019-12-18T18:25:39.529] [TRACE] login - 登录查找token-SQL ====== SELECT * FROM m_token WHERE username='test2'
[2019-12-18T18:25:40.097] [TRACE] login - 系统登录SQL ====== select username,password,o_username from m_users where username='ad0234829205b9033196ba818f7a872b' and password='e10adc3949ba59abbe56e057f20f883e';
[2019-12-18T18:25:40.099] [TRACE] login - 登录查找token-SQL ====== SELECT * FROM m_token WHERE username='test2'
[2019-12-18T18:25:40.536] [TRACE] login - 系统登录SQL ====== select username,password,o_username from m_users where username='ad0234829205b9033196ba818f7a872b' and password='e10adc3949ba59abbe56e057f20f883e';
[2019-12-18T18:25:40.538] [TRACE] login - 登录查找token-SQL ====== SELECT * FROM m_token WHERE username='test2'
[2019-12-18T18:25:40.867] [TRACE] login - 系统登录SQL ====== select username,password,o_username from m_users where username='ad0234829205b9033196ba818f7a872b' and password='e10adc3949ba59abbe56e057f20f883e';
[2019-12-18T18:25:40.868] [TRACE] login - 登录查找token-SQL ====== SELECT * FROM m_token WHERE username='test2'
[2019-12-18T18:25:41.150] [TRACE] login - 系统登录SQL ====== select username,password,o_username from m_users where username='ad0234829205b9033196ba818f7a872b' and password='e10adc3949ba59abbe56e057f20f883e';
[2019-12-18T18:25:41.152] [TRACE] login - 登录查找token-SQL ====== SELECT * FROM m_token WHERE username='test2'
[2019-12-18T18:25:41.390] [TRACE] login - 系统登录SQL ====== select username,password,o_username from m_users where username='ad0234829205b9033196ba818f7a872b' and password='e10adc3949ba59abbe56e057f20f883e';
[2019-12-18T18:25:41.392] [TRACE] login - 登录查找token-SQL ====== SELECT * FROM m_token WHERE username='test2'
[2019-12-18T18:25:41.670] [TRACE] login - 系统登录SQL ====== select username,password,o_username from m_users where username='ad0234829205b9033196ba818f7a872b' and password='e10adc3949ba59abbe56e057f20f883e';
[2019-12-18T18:25:41.671] [TRACE] login - 登录查找token-SQL ====== SELECT * FROM m_token WHERE username='test2'
[2019-12-18T18:25:42.117] [TRACE] login - 系统登录SQL ====== select username,password,o_username from m_users where username='ad0234829205b9033196ba818f7a872b' and password='e10adc3949ba59abbe56e057f20f883e';
[2019-12-18T18:25:42.119] [TRACE] login - 登录查找token-SQL ====== SELECT * FROM m_token WHERE username='test2'
[2019-12-18T18:25:42.715] [TRACE] login - 系统登录SQL ====== select username,password,o_username from m_users where username='ad0234829205b9033196ba818f7a872b' and password='e10adc3949ba59abbe56e057f20f883e';
[2019-12-18T18:25:42.717] [TRACE] login - 登录查找token-SQL ====== SELECT * FROM m_token WHERE username='test2'
[2019-12-18T18:25:42.937] [TRACE] login - 系统登录SQL ====== select username,password,o_username from m_users where username='ad0234829205b9033196ba818f7a872b' and password='e10adc3949ba59abbe56e057f20f883e';
[2019-12-18T18:25:42.939] [TRACE] login - 登录查找token-SQL ====== SELECT * FROM m_token WHERE username='test2'
[2019-12-18T18:25:43.266] [TRACE] login - 系统登录SQL ====== select username,password,o_username from m_users where username='ad0234829205b9033196ba818f7a872b' and password='e10adc3949ba59abbe56e057f20f883e';
[2019-12-18T18:25:43.267] [TRACE] login - 登录查找token-SQL ====== SELECT * FROM m_token WHERE username='test2'
[2019-12-18T18:25:43.520] [TRACE] login - 系统登录SQL ====== select username,password,o_username from m_users where username='ad0234829205b9033196ba818f7a872b' and password='e10adc3949ba59abbe56e057f20f883e';
[2019-12-18T18:25:43.522] [TRACE] login - 登录查找token-SQL ====== SELECT * FROM m_token WHERE username='test2'
[2019-12-18T18:25:43.689] [TRACE] login - 系统登录SQL ====== select username,password,o_username from m_users where username='ad0234829205b9033196ba818f7a872b' and password='e10adc3949ba59abbe56e057f20f883e';
[2019-12-18T18:25:43.690] [TRACE] login - 登录查找token-SQL ====== SELECT * FROM m_token WHERE username='test2'
[2019-12-18T18:25:43.980] [TRACE] login - 系统登录SQL ====== select username,password,o_username from m_users where username='ad0234829205b9033196ba818f7a872b' and password='e10adc3949ba59abbe56e057f20f883e';
[2019-12-18T18:25:43.982] [TRACE] login - 登录查找token-SQL ====== SELECT * FROM m_token WHERE username='test2'
[2019-12-18T18:25:59.703] [TRACE] login - 系统登录SQL ====== select username,password,o_username from m_users where username='ad0234829205b9033196ba818f7a872b' and password='e10adc3949ba59abbe56e057f20f883e';
[2019-12-18T18:25:59.705] [TRACE] login - 登录查找token-SQL ====== SELECT * FROM m_token WHERE username='test2'
[2019-12-18T18:26:00.838] [TRACE] login - 系统登录SQL ====== select username,password,o_username from m_users where username='ad0234829205b9033196ba818f7a872b' and password='e10adc3949ba59abbe56e057f20f883e';
[2019-12-18T18:26:00.840] [TRACE] login - 登录查找token-SQL ====== SELECT * FROM m_token WHERE username='test2'
[2019-12-18T18:26:01.180] [TRACE] login - 系统登录SQL ====== select username,password,o_username from m_users where username='ad0234829205b9033196ba818f7a872b' and password='e10adc3949ba59abbe56e057f20f883e';
[2019-12-18T18:26:01.182] [TRACE] login - 登录查找token-SQL ====== SELECT * FROM m_token WHERE username='test2'
[2019-12-18T18:28:42.496] [TRACE] request - 服务开启 port - 2039
[2019-12-18T18:28:42.970] [TRACE] request - 请求进入host ===== 172.16.1.238:2039
[2019-12-18T18:28:42.970] [TRACE] request - 请求进入referer ===== undefined
[2019-12-18T18:28:42.970] [TRACE] request - 请求进入user-agent ===== Mozilla/5.0 (iPhone; CPU iPhone OS 11_0 like Mac OS X) AppleWebKit/604.1.38 (KHTML, like Gecko) Version/11.0 Mobile/15A372 Safari/604.1
[2019-12-18T18:28:42.970] [INFO] token - 登录SQL执行 ====== SELECT a_token,username FROM m_token WHERE token='OL0L2pAxk5eLS6yYqIVjXoFAXE3ZhsZjRHO1gCa4YO0'
[2019-12-18T18:28:42.970] [INFO] token - 校验token ====== OL0L2pAxk5eLS6yYqIVjXoFAXE3ZhsZjRHO1gCa4YO0
[2019-12-18T18:28:43.047] [TRACE] request - 请求进入host ===== 172.16.1.238:2039
[2019-12-18T18:28:43.047] [TRACE] request - 请求进入referer ===== undefined
[2019-12-18T18:28:43.047] [TRACE] request - 请求进入user-agent ===== Mozilla/5.0 (iPhone; CPU iPhone OS 11_0 like Mac OS X) AppleWebKit/604.1.38 (KHTML, like Gecko) Version/11.0 Mobile/15A372 Safari/604.1
[2019-12-18T18:28:43.047] [INFO] token - 登录SQL执行 ====== SELECT a_token,username FROM m_token WHERE token='OL0L2pAxk5eLS6yYqIVjXoFAXE3ZhsZjRHO1gCa4YO0'
[2019-12-18T18:28:43.047] [INFO] token - 校验token ====== OL0L2pAxk5eLS6yYqIVjXoFAXE3ZhsZjRHO1gCa4YO0
[2019-12-18T18:28:43.056] [TRACE] user -  test1建立连接 ====== just is connect
[2019-12-18T18:28:43.058] [TRACE] user -  test1建立连接 ====== just is connect
[2019-12-18T18:28:45.315] [TRACE] login - 系统登录SQL ====== select username,password,o_username from m_users where username='ad0234829205b9033196ba818f7a872b' and password='e10adc3949ba59abbe56e057f20f883e';
[2019-12-18T18:28:45.316] [TRACE] login - 登录查找token-SQL ====== SELECT * FROM m_token WHERE username='test2'
[2019-12-18T18:29:19.774] [TRACE] request - 服务开启 port - 2039
[2019-12-18T18:29:20.142] [TRACE] request - 请求进入host ===== 172.16.1.238:2039
[2019-12-18T18:29:20.142] [TRACE] request - 请求进入referer ===== undefined
[2019-12-18T18:29:20.142] [TRACE] request - 请求进入user-agent ===== Mozilla/5.0 (iPhone; CPU iPhone OS 11_0 like Mac OS X) AppleWebKit/604.1.38 (KHTML, like Gecko) Version/11.0 Mobile/15A372 Safari/604.1
[2019-12-18T18:29:20.142] [INFO] token - 登录SQL执行 ====== SELECT a_token,username FROM m_token WHERE token='OL0L2pAxk5eLS6yYqIVjXoFAXE3ZhsZjRHO1gCa4YO0'
[2019-12-18T18:29:20.142] [INFO] token - 校验token ====== OL0L2pAxk5eLS6yYqIVjXoFAXE3ZhsZjRHO1gCa4YO0
[2019-12-18T18:29:20.231] [TRACE] user -  test1建立连接 ====== just is connect
[2019-12-18T18:29:20.786] [TRACE] login - 系统登录SQL ====== select username,password,o_username from m_users where username='ad0234829205b9033196ba818f7a872b' and password='e10adc3949ba59abbe56e057f20f883e';
[2019-12-18T18:29:20.788] [TRACE] login - 登录查找token-SQL ====== SELECT * FROM m_token WHERE username='test2'
[2019-12-18T18:29:23.754] [TRACE] login - 系统登录SQL ====== select username,password,o_username from m_users where username='ad0234829205b9033196ba818f7a872b' and password='e10adc3949ba59abbe56e057f20f883e';
[2019-12-18T18:29:23.756] [TRACE] login - 登录查找token-SQL ====== SELECT * FROM m_token WHERE username='test2'
[2019-12-18T18:29:25.306] [TRACE] login - 系统登录SQL ====== select username,password,o_username from m_users where username='ad0234829205b9033196ba818f7a872b' and password='e10adc3949ba59abbe56e057f20f883e';
[2019-12-18T18:29:25.308] [TRACE] login - 登录查找token-SQL ====== SELECT * FROM m_token WHERE username='test2'
[2019-12-18T18:29:25.998] [TRACE] login - 系统登录SQL ====== select username,password,o_username from m_users where username='ad0234829205b9033196ba818f7a872b' and password='e10adc3949ba59abbe56e057f20f883e';
[2019-12-18T18:29:26.001] [TRACE] login - 登录查找token-SQL ====== SELECT * FROM m_token WHERE username='test2'
[2019-12-18T18:29:26.437] [TRACE] login - 系统登录SQL ====== select username,password,o_username from m_users where username='ad0234829205b9033196ba818f7a872b' and password='e10adc3949ba59abbe56e057f20f883e';
[2019-12-18T18:29:26.439] [TRACE] login - 登录查找token-SQL ====== SELECT * FROM m_token WHERE username='test2'
[2019-12-18T18:29:27.000] [TRACE] login - 系统登录SQL ====== select username,password,o_username from m_users where username='ad0234829205b9033196ba818f7a872b' and password='e10adc3949ba59abbe56e057f20f883e';
[2019-12-18T18:29:27.002] [TRACE] login - 登录查找token-SQL ====== SELECT * FROM m_token WHERE username='test2'
[2019-12-18T18:29:27.361] [TRACE] login - 系统登录SQL ====== select username,password,o_username from m_users where username='ad0234829205b9033196ba818f7a872b' and password='e10adc3949ba59abbe56e057f20f883e';
[2019-12-18T18:29:27.363] [TRACE] login - 登录查找token-SQL ====== SELECT * FROM m_token WHERE username='test2'
[2019-12-18T18:29:27.568] [TRACE] login - 系统登录SQL ====== select username,password,o_username from m_users where username='ad0234829205b9033196ba818f7a872b' and password='e10adc3949ba59abbe56e057f20f883e';
[2019-12-18T18:29:27.570] [TRACE] login - 登录查找token-SQL ====== SELECT * FROM m_token WHERE username='test2'
[2019-12-18T18:29:27.804] [TRACE] login - 系统登录SQL ====== select username,password,o_username from m_users where username='ad0234829205b9033196ba818f7a872b' and password='e10adc3949ba59abbe56e057f20f883e';
[2019-12-18T18:29:27.805] [TRACE] login - 登录查找token-SQL ====== SELECT * FROM m_token WHERE username='test2'
[2019-12-18T18:30:12.672] [TRACE] login - 系统登录SQL ====== select username,password,o_username from m_users where username='ad0234829205b9033196ba818f7a872b' and password='e10adc3949ba59abbe56e057f20f883e';
[2019-12-18T18:30:12.673] [TRACE] login - 登录查找token-SQL ====== SELECT * FROM m_token WHERE username='test2'
[2019-12-18T18:30:26.653] [TRACE] request - 服务开启 port - 2039
[2019-12-18T18:30:27.822] [TRACE] login - 系统登录SQL ====== select username,password,o_username from m_users where username='ad0234829205b9033196ba818f7a872b' and password='e10adc3949ba59abbe56e057f20f883e';
[2019-12-18T18:30:27.909] [TRACE] login - 登录查找token-SQL ====== SELECT * FROM m_token WHERE username='test2'
[2019-12-18T18:30:27.913] [TRACE] login - 存储token值-SQL ====== INSERT INTO m_token VALUES('hrDfByqzEb1DXGmkGK_rmsRuym_hOJfqioNN43B0PJM', 'eyJhbGciOiJIUzI1NiIsInR5cCI6IkpXVCJ9.eyJ1c2VybmFtZSI6InRlc3QyIiwiaWF0IjoxNTc2NjY1MDI3LCJleHAiOjE1NzY4Mzc4Mjd9.hrDfByqzEb1DXGmkGK_rmsRuym_hOJfqioNN43B0PJM', 'test2')
[2019-12-18T18:30:29.169] [TRACE] request - 请求进入host ===== 172.16.1.238:2039
[2019-12-18T18:30:29.169] [TRACE] request - 请求进入referer ===== undefined
[2019-12-18T18:30:29.169] [TRACE] request - 请求进入user-agent ===== Mozilla/5.0 (Linux; Android 8.1.0; PADM00 Build/O11019; wv) AppleWebKit/537.36 (KHTML, like Gecko) Version/4.0 Chrome/66.0.3359.126 MQQBrowser/6.2 TBS/45016 Mobile Safari/537.36 MMWEBID/1636 MicroMessenger/7.0.9.1560(0x27000935) Process/tools NetType/WIFI Language/zh_CN ABI/arm64
[2019-12-18T18:30:29.169] [INFO] token - 登录SQL执行 ====== SELECT a_token,username FROM m_token WHERE token='hrDfByqzEb1DXGmkGK_rmsRuym_hOJfqioNN43B0PJM'
[2019-12-18T18:30:29.169] [INFO] token - 校验token ====== hrDfByqzEb1DXGmkGK_rmsRuym_hOJfqioNN43B0PJM
[2019-12-18T18:30:29.172] [TRACE] user -  test2建立连接 ====== just is connect
[2019-12-18T18:30:29.186] [TRACE] user - 群用户信息-SQL ====== SELECT username, avator FROM m_group WHERE group_id = 1
[2019-12-18T18:30:35.940] [TRACE] request - 请求进入host ===== 172.16.1.238:2039
[2019-12-18T18:30:35.940] [TRACE] request - 请求进入referer ===== undefined
[2019-12-18T18:30:35.940] [TRACE] request - 请求进入user-agent ===== Mozilla/5.0 (iPhone; CPU iPhone OS 11_0 like Mac OS X) AppleWebKit/604.1.38 (KHTML, like Gecko) Version/11.0 Mobile/15A372 Safari/604.1
[2019-12-18T18:30:35.940] [INFO] token - 登录SQL执行 ====== SELECT a_token,username FROM m_token WHERE token='OL0L2pAxk5eLS6yYqIVjXoFAXE3ZhsZjRHO1gCa4YO0'
[2019-12-18T18:30:35.940] [INFO] token - 校验token ====== OL0L2pAxk5eLS6yYqIVjXoFAXE3ZhsZjRHO1gCa4YO0
[2019-12-18T18:30:35.943] [TRACE] user -  test1建立连接 ====== just is connect
[2019-12-18T18:32:04.097] [TRACE] request - 服务开启 port - 2039
[2019-12-18T18:32:04.112] [TRACE] request - 请求进入host ===== 172.16.1.238:2039
[2019-12-18T18:32:04.112] [TRACE] request - 请求进入referer ===== undefined
[2019-12-18T18:32:04.112] [TRACE] request - 请求进入user-agent ===== Mozilla/5.0 (iPhone; CPU iPhone OS 11_0 like Mac OS X) AppleWebKit/604.1.38 (KHTML, like Gecko) Version/11.0 Mobile/15A372 Safari/604.1
[2019-12-18T18:32:04.112] [INFO] token - 登录SQL执行 ====== SELECT a_token,username FROM m_token WHERE token='OL0L2pAxk5eLS6yYqIVjXoFAXE3ZhsZjRHO1gCa4YO0'
[2019-12-18T18:32:04.112] [INFO] token - 校验token ====== OL0L2pAxk5eLS6yYqIVjXoFAXE3ZhsZjRHO1gCa4YO0
[2019-12-18T18:32:04.204] [TRACE] user -  test1建立连接 ====== just is connect
[2019-12-18T18:32:04.314] [TRACE] request - 请求进入host ===== 172.16.1.238:2039
[2019-12-18T18:32:04.314] [TRACE] request - 请求进入referer ===== undefined
[2019-12-18T18:32:04.314] [TRACE] request - 请求进入user-agent ===== Mozilla/5.0 (Linux; Android 8.1.0; PADM00 Build/O11019; wv) AppleWebKit/537.36 (KHTML, like Gecko) Version/4.0 Chrome/66.0.3359.126 MQQBrowser/6.2 TBS/45016 Mobile Safari/537.36 MMWEBID/1636 MicroMessenger/7.0.9.1560(0x27000935) Process/tools NetType/WIFI Language/zh_CN ABI/arm64
[2019-12-18T18:32:04.314] [INFO] token - 登录SQL执行 ====== SELECT a_token,username FROM m_token WHERE token='hrDfByqzEb1DXGmkGK_rmsRuym_hOJfqioNN43B0PJM'
[2019-12-18T18:32:04.314] [INFO] token - 校验token ====== hrDfByqzEb1DXGmkGK_rmsRuym_hOJfqioNN43B0PJM
[2019-12-18T18:32:04.316] [TRACE] user -  test2建立连接 ====== just is connect
[2019-12-18T18:32:07.268] [TRACE] request - 请求进入host ===== 172.16.1.238:2039
[2019-12-18T18:32:07.268] [TRACE] request - 请求进入referer ===== undefined
[2019-12-18T18:32:07.268] [TRACE] request - 请求进入user-agent ===== Mozilla/5.0 (iPhone; CPU iPhone OS 11_0 like Mac OS X) AppleWebKit/604.1.38 (KHTML, like Gecko) Version/11.0 Mobile/15A372 Safari/604.1
[2019-12-18T18:32:07.268] [INFO] token - 登录SQL执行 ====== SELECT a_token,username FROM m_token WHERE token='OL0L2pAxk5eLS6yYqIVjXoFAXE3ZhsZjRHO1gCa4YO0'
[2019-12-18T18:32:07.268] [INFO] token - 校验token ====== OL0L2pAxk5eLS6yYqIVjXoFAXE3ZhsZjRHO1gCa4YO0
[2019-12-18T18:32:07.270] [TRACE] user -  test1建立连接 ====== just is connect
[2019-12-18T18:32:11.457] [TRACE] request - 请求进入host ===== 172.16.1.238:2039
[2019-12-18T18:32:11.457] [TRACE] request - 请求进入referer ===== undefined
[2019-12-18T18:32:11.457] [TRACE] request - 请求进入user-agent ===== Mozilla/5.0 (Linux; Android 8.1.0; PADM00 Build/O11019; wv) AppleWebKit/537.36 (KHTML, like Gecko) Version/4.0 Chrome/66.0.3359.126 MQQBrowser/6.2 TBS/45016 Mobile Safari/537.36 MMWEBID/1636 MicroMessenger/7.0.9.1560(0x27000935) Process/tools NetType/WIFI Language/zh_CN ABI/arm64
[2019-12-18T18:32:11.457] [INFO] token - 登录SQL执行 ====== SELECT a_token,username FROM m_token WHERE token='hrDfByqzEb1DXGmkGK_rmsRuym_hOJfqioNN43B0PJM'
[2019-12-18T18:32:11.457] [INFO] token - 校验token ====== hrDfByqzEb1DXGmkGK_rmsRuym_hOJfqioNN43B0PJM
[2019-12-18T18:32:11.458] [TRACE] user -  test2建立连接 ====== just is connect
[2019-12-18T18:34:09.663] [TRACE] request - 服务开启 port - 2039
[2019-12-18T18:34:09.733] [TRACE] request - 请求进入host ===== 172.16.1.238:2039
[2019-12-18T18:34:09.734] [TRACE] request - 请求进入referer ===== undefined
[2019-12-18T18:34:09.734] [TRACE] request - 请求进入user-agent ===== Mozilla/5.0 (iPhone; CPU iPhone OS 11_0 like Mac OS X) AppleWebKit/604.1.38 (KHTML, like Gecko) Version/11.0 Mobile/15A372 Safari/604.1
[2019-12-18T18:34:09.734] [INFO] token - 登录SQL执行 ====== SELECT a_token,username FROM m_token WHERE token='OL0L2pAxk5eLS6yYqIVjXoFAXE3ZhsZjRHO1gCa4YO0'
[2019-12-18T18:34:09.734] [INFO] token - 校验token ====== OL0L2pAxk5eLS6yYqIVjXoFAXE3ZhsZjRHO1gCa4YO0
[2019-12-18T18:34:09.819] [TRACE] request - 请求进入host ===== 172.16.1.238:2039
[2019-12-18T18:34:09.819] [TRACE] request - 请求进入referer ===== undefined
[2019-12-18T18:34:09.819] [TRACE] request - 请求进入user-agent ===== Mozilla/5.0 (Linux; Android 8.1.0; PADM00 Build/O11019; wv) AppleWebKit/537.36 (KHTML, like Gecko) Version/4.0 Chrome/66.0.3359.126 MQQBrowser/6.2 TBS/45016 Mobile Safari/537.36 MMWEBID/1636 MicroMessenger/7.0.9.1560(0x27000935) Process/tools NetType/WIFI Language/zh_CN ABI/arm64
[2019-12-18T18:34:09.819] [INFO] token - 登录SQL执行 ====== SELECT a_token,username FROM m_token WHERE token='hrDfByqzEb1DXGmkGK_rmsRuym_hOJfqioNN43B0PJM'
[2019-12-18T18:34:09.819] [INFO] token - 校验token ====== hrDfByqzEb1DXGmkGK_rmsRuym_hOJfqioNN43B0PJM
[2019-12-18T18:34:09.827] [TRACE] user -  test1建立连接 ====== just is connect
[2019-12-18T18:34:09.829] [TRACE] user -  test2建立连接 ====== just is connect
[2019-12-18T18:34:11.563] [TRACE] request - 请求进入host ===== 172.16.1.238:2039
[2019-12-18T18:34:11.563] [TRACE] request - 请求进入referer ===== undefined
[2019-12-18T18:34:11.563] [TRACE] request - 请求进入user-agent ===== Mozilla/5.0 (iPhone; CPU iPhone OS 11_0 like Mac OS X) AppleWebKit/604.1.38 (KHTML, like Gecko) Version/11.0 Mobile/15A372 Safari/604.1
[2019-12-18T18:34:11.563] [INFO] token - 登录SQL执行 ====== SELECT a_token,username FROM m_token WHERE token='OL0L2pAxk5eLS6yYqIVjXoFAXE3ZhsZjRHO1gCa4YO0'
[2019-12-18T18:34:11.563] [INFO] token - 校验token ====== OL0L2pAxk5eLS6yYqIVjXoFAXE3ZhsZjRHO1gCa4YO0
[2019-12-18T18:34:11.566] [TRACE] user -  test1建立连接 ====== just is connect
[2019-12-18T18:34:15.540] [TRACE] request - 请求进入host ===== 172.16.1.238:2039
[2019-12-18T18:34:15.540] [TRACE] request - 请求进入referer ===== undefined
[2019-12-18T18:34:15.540] [TRACE] request - 请求进入user-agent ===== Mozilla/5.0 (Linux; Android 8.1.0; PADM00 Build/O11019; wv) AppleWebKit/537.36 (KHTML, like Gecko) Version/4.0 Chrome/66.0.3359.126 MQQBrowser/6.2 TBS/45016 Mobile Safari/537.36 MMWEBID/1636 MicroMessenger/7.0.9.1560(0x27000935) Process/tools NetType/WIFI Language/zh_CN ABI/arm64
[2019-12-18T18:34:15.540] [INFO] token - 登录SQL执行 ====== SELECT a_token,username FROM m_token WHERE token='hrDfByqzEb1DXGmkGK_rmsRuym_hOJfqioNN43B0PJM'
[2019-12-18T18:34:15.540] [INFO] token - 校验token ====== hrDfByqzEb1DXGmkGK_rmsRuym_hOJfqioNN43B0PJM
[2019-12-18T18:34:15.542] [TRACE] user -  test2建立连接 ====== just is connect
[2019-12-18T18:36:00.597] [TRACE] request - 服务开启 port - 2039
[2019-12-18T18:36:00.708] [TRACE] request - 请求进入host ===== 172.16.1.238:2039
[2019-12-18T18:36:00.708] [TRACE] request - 请求进入referer ===== undefined
[2019-12-18T18:36:00.708] [TRACE] request - 请求进入user-agent ===== Mozilla/5.0 (Linux; Android 8.1.0; PADM00 Build/O11019; wv) AppleWebKit/537.36 (KHTML, like Gecko) Version/4.0 Chrome/66.0.3359.126 MQQBrowser/6.2 TBS/45016 Mobile Safari/537.36 MMWEBID/1636 MicroMessenger/7.0.9.1560(0x27000935) Process/tools NetType/WIFI Language/zh_CN ABI/arm64
[2019-12-18T18:36:00.708] [INFO] token - 登录SQL执行 ====== SELECT a_token,username FROM m_token WHERE token='hrDfByqzEb1DXGmkGK_rmsRuym_hOJfqioNN43B0PJM'
[2019-12-18T18:36:00.708] [INFO] token - 校验token ====== hrDfByqzEb1DXGmkGK_rmsRuym_hOJfqioNN43B0PJM
[2019-12-18T18:36:00.805] [TRACE] user -  test2建立连接 ====== just is connect
[2019-12-18T18:36:00.889] [TRACE] request - 请求进入host ===== 172.16.1.238:2039
[2019-12-18T18:36:00.889] [TRACE] request - 请求进入referer ===== undefined
[2019-12-18T18:36:00.889] [TRACE] request - 请求进入user-agent ===== Mozilla/5.0 (iPhone; CPU iPhone OS 11_0 like Mac OS X) AppleWebKit/604.1.38 (KHTML, like Gecko) Version/11.0 Mobile/15A372 Safari/604.1
[2019-12-18T18:36:00.889] [INFO] token - 登录SQL执行 ====== SELECT a_token,username FROM m_token WHERE token='OL0L2pAxk5eLS6yYqIVjXoFAXE3ZhsZjRHO1gCa4YO0'
[2019-12-18T18:36:00.889] [INFO] token - 校验token ====== OL0L2pAxk5eLS6yYqIVjXoFAXE3ZhsZjRHO1gCa4YO0
[2019-12-18T18:36:00.891] [TRACE] user -  test1建立连接 ====== just is connect
[2019-12-18T18:36:10.917] [TRACE] request - 服务开启 port - 2039
[2019-12-18T18:36:13.059] [TRACE] request - 请求进入host ===== 172.16.1.238:2039
[2019-12-18T18:36:13.059] [TRACE] request - 请求进入referer ===== undefined
[2019-12-18T18:36:13.059] [TRACE] request - 请求进入user-agent ===== Mozilla/5.0 (iPhone; CPU iPhone OS 11_0 like Mac OS X) AppleWebKit/604.1.38 (KHTML, like Gecko) Version/11.0 Mobile/15A372 Safari/604.1
[2019-12-18T18:36:13.059] [INFO] token - 登录SQL执行 ====== SELECT a_token,username FROM m_token WHERE token='OL0L2pAxk5eLS6yYqIVjXoFAXE3ZhsZjRHO1gCa4YO0'
[2019-12-18T18:36:13.059] [INFO] token - 校验token ====== OL0L2pAxk5eLS6yYqIVjXoFAXE3ZhsZjRHO1gCa4YO0
[2019-12-18T18:36:13.151] [TRACE] user -  test1建立连接 ====== just is connect
[2019-12-18T18:36:22.535] [TRACE] request - 请求进入host ===== 172.16.1.238:2039
[2019-12-18T18:36:22.535] [TRACE] request - 请求进入referer ===== undefined
[2019-12-18T18:36:22.535] [TRACE] request - 请求进入user-agent ===== Mozilla/5.0 (Linux; Android 8.1.0; PADM00 Build/O11019; wv) AppleWebKit/537.36 (KHTML, like Gecko) Version/4.0 Chrome/66.0.3359.126 MQQBrowser/6.2 TBS/45016 Mobile Safari/537.36 MMWEBID/1636 MicroMessenger/7.0.9.1560(0x27000935) Process/tools NetType/WIFI Language/zh_CN ABI/arm64
[2019-12-18T18:36:22.535] [INFO] token - 登录SQL执行 ====== SELECT a_token,username FROM m_token WHERE token='hrDfByqzEb1DXGmkGK_rmsRuym_hOJfqioNN43B0PJM'
[2019-12-18T18:36:22.536] [INFO] token - 校验token ====== hrDfByqzEb1DXGmkGK_rmsRuym_hOJfqioNN43B0PJM
[2019-12-18T18:36:22.538] [TRACE] user -  test2建立连接 ====== just is connect
[2019-12-18T18:36:49.603] [TRACE] request - 请求进入host ===== 172.16.1.238:2039
[2019-12-18T18:36:49.603] [TRACE] request - 请求进入referer ===== undefined
[2019-12-18T18:36:49.603] [TRACE] request - 请求进入user-agent ===== Mozilla/5.0 (iPhone; CPU iPhone OS 11_0 like Mac OS X) AppleWebKit/604.1.38 (KHTML, like Gecko) Version/11.0 Mobile/15A372 Safari/604.1
[2019-12-18T18:36:49.603] [INFO] token - 登录SQL执行 ====== SELECT a_token,username FROM m_token WHERE token='OL0L2pAxk5eLS6yYqIVjXoFAXE3ZhsZjRHO1gCa4YO0'
[2019-12-18T18:36:49.603] [INFO] token - 校验token ====== OL0L2pAxk5eLS6yYqIVjXoFAXE3ZhsZjRHO1gCa4YO0
[2019-12-18T18:36:49.615] [TRACE] user -  test1建立连接 ====== just is connect
[2019-12-18T18:38:42.439] [TRACE] request - 服务开启 port - 2039
[2019-12-18T18:38:42.558] [TRACE] request - 请求进入host ===== 172.16.1.238:2039
[2019-12-18T18:38:42.558] [TRACE] request - 请求进入referer ===== undefined
[2019-12-18T18:38:42.558] [TRACE] request - 请求进入user-agent ===== Mozilla/5.0 (Linux; Android 8.1.0; PADM00 Build/O11019; wv) AppleWebKit/537.36 (KHTML, like Gecko) Version/4.0 Chrome/66.0.3359.126 MQQBrowser/6.2 TBS/45016 Mobile Safari/537.36 MMWEBID/1636 MicroMessenger/7.0.9.1560(0x27000935) Process/tools NetType/WIFI Language/zh_CN ABI/arm64
[2019-12-18T18:38:42.558] [INFO] token - 登录SQL执行 ====== SELECT a_token,username FROM m_token WHERE token='hrDfByqzEb1DXGmkGK_rmsRuym_hOJfqioNN43B0PJM'
[2019-12-18T18:38:42.558] [INFO] token - 校验token ====== hrDfByqzEb1DXGmkGK_rmsRuym_hOJfqioNN43B0PJM
[2019-12-18T18:38:42.679] [TRACE] user -  test2建立连接 ====== just is connect
[2019-12-18T18:38:42.783] [TRACE] request - 请求进入host ===== 172.16.1.238:2039
[2019-12-18T18:38:42.783] [TRACE] request - 请求进入referer ===== undefined
[2019-12-18T18:38:42.784] [TRACE] request - 请求进入user-agent ===== Mozilla/5.0 (iPhone; CPU iPhone OS 11_0 like Mac OS X) AppleWebKit/604.1.38 (KHTML, like Gecko) Version/11.0 Mobile/15A372 Safari/604.1
[2019-12-18T18:38:42.784] [INFO] token - 登录SQL执行 ====== SELECT a_token,username FROM m_token WHERE token='OL0L2pAxk5eLS6yYqIVjXoFAXE3ZhsZjRHO1gCa4YO0'
[2019-12-18T18:38:42.784] [INFO] token - 校验token ====== OL0L2pAxk5eLS6yYqIVjXoFAXE3ZhsZjRHO1gCa4YO0
[2019-12-18T18:38:42.786] [TRACE] user -  test1建立连接 ====== just is connect
[2019-12-18T18:38:42.795] [TRACE] request - 请求进入host ===== 172.16.1.238:2039
[2019-12-18T18:38:42.795] [TRACE] request - 请求进入referer ===== undefined
[2019-12-18T18:38:42.795] [TRACE] request - 请求进入user-agent ===== Mozilla/5.0 (iPhone; CPU iPhone OS 11_0 like Mac OS X) AppleWebKit/604.1.38 (KHTML, like Gecko) Version/11.0 Mobile/15A372 Safari/604.1
[2019-12-18T18:38:42.795] [INFO] token - 登录SQL执行 ====== SELECT a_token,username FROM m_token WHERE token='OL0L2pAxk5eLS6yYqIVjXoFAXE3ZhsZjRHO1gCa4YO0'
[2019-12-18T18:38:42.795] [INFO] token - 校验token ====== OL0L2pAxk5eLS6yYqIVjXoFAXE3ZhsZjRHO1gCa4YO0
[2019-12-18T18:38:42.797] [TRACE] user -  test1建立连接 ====== just is connect
[2019-12-18T18:38:49.463] [TRACE] request - 请求进入host ===== 172.16.1.238:2039
[2019-12-18T18:38:49.463] [TRACE] request - 请求进入referer ===== undefined
[2019-12-18T18:38:49.463] [TRACE] request - 请求进入user-agent ===== Mozilla/5.0 (Linux; Android 8.1.0; PADM00 Build/O11019; wv) AppleWebKit/537.36 (KHTML, like Gecko) Version/4.0 Chrome/66.0.3359.126 MQQBrowser/6.2 TBS/45016 Mobile Safari/537.36 MMWEBID/1636 MicroMessenger/7.0.9.1560(0x27000935) Process/tools NetType/WIFI Language/zh_CN ABI/arm64
[2019-12-18T18:38:49.463] [INFO] token - 登录SQL执行 ====== SELECT a_token,username FROM m_token WHERE token='hrDfByqzEb1DXGmkGK_rmsRuym_hOJfqioNN43B0PJM'
[2019-12-18T18:38:49.463] [INFO] token - 校验token ====== hrDfByqzEb1DXGmkGK_rmsRuym_hOJfqioNN43B0PJM
[2019-12-18T18:38:49.465] [TRACE] user -  test2建立连接 ====== just is connect
[2019-12-18T18:41:48.893] [TRACE] request - 请求进入host ===== 172.16.1.238:2039
[2019-12-18T18:41:48.893] [TRACE] request - 请求进入referer ===== undefined
[2019-12-18T18:41:48.893] [TRACE] request - 请求进入user-agent ===== Mozilla/5.0 (Linux; Android 8.1.0; PADM00 Build/O11019; wv) AppleWebKit/537.36 (KHTML, like Gecko) Version/4.0 Chrome/66.0.3359.126 MQQBrowser/6.2 TBS/45016 Mobile Safari/537.36 MMWEBID/1636 MicroMessenger/7.0.9.1560(0x27000935) Process/tools NetType/WIFI Language/zh_CN ABI/arm64
[2019-12-18T18:41:48.893] [INFO] token - 登录SQL执行 ====== SELECT a_token,username FROM m_token WHERE token='hrDfByqzEb1DXGmkGK_rmsRuym_hOJfqioNN43B0PJM'
[2019-12-18T18:41:48.893] [INFO] token - 校验token ====== hrDfByqzEb1DXGmkGK_rmsRuym_hOJfqioNN43B0PJM
[2019-12-18T18:41:48.895] [TRACE] user -  test2建立连接 ====== just is connect
[2019-12-18T18:41:50.338] [TRACE] request - 请求进入host ===== 172.16.1.238:2039
[2019-12-18T18:41:50.338] [TRACE] request - 请求进入referer ===== undefined
[2019-12-18T18:41:50.338] [TRACE] request - 请求进入user-agent ===== Mozilla/5.0 (Linux; Android 8.1.0; PADM00 Build/O11019; wv) AppleWebKit/537.36 (KHTML, like Gecko) Version/4.0 Chrome/66.0.3359.126 MQQBrowser/6.2 TBS/45016 Mobile Safari/537.36 MMWEBID/1636 MicroMessenger/7.0.9.1560(0x27000935) Process/tools NetType/WIFI Language/zh_CN ABI/arm64
[2019-12-18T18:41:50.338] [INFO] token - 登录SQL执行 ====== SELECT a_token,username FROM m_token WHERE token='hrDfByqzEb1DXGmkGK_rmsRuym_hOJfqioNN43B0PJM'
[2019-12-18T18:41:50.338] [INFO] token - 校验token ====== hrDfByqzEb1DXGmkGK_rmsRuym_hOJfqioNN43B0PJM
[2019-12-18T18:41:50.341] [TRACE] user -  test2建立连接 ====== just is connect
[2019-12-18T18:41:50.358] [TRACE] user - 群用户信息-SQL ====== SELECT username, avator FROM m_group WHERE group_id = 1
[2019-12-18T18:42:35.434] [TRACE] request - 请求进入host ===== 172.16.1.238:2039
[2019-12-18T18:42:35.434] [TRACE] request - 请求进入referer ===== undefined
[2019-12-18T18:42:35.434] [TRACE] request - 请求进入user-agent ===== Mozilla/5.0 (iPhone; CPU iPhone OS 11_0 like Mac OS X) AppleWebKit/604.1.38 (KHTML, like Gecko) Version/11.0 Mobile/15A372 Safari/604.1
[2019-12-18T18:42:35.434] [INFO] token - 登录SQL执行 ====== SELECT a_token,username FROM m_token WHERE token='OL0L2pAxk5eLS6yYqIVjXoFAXE3ZhsZjRHO1gCa4YO0'
[2019-12-18T18:42:35.434] [INFO] token - 校验token ====== OL0L2pAxk5eLS6yYqIVjXoFAXE3ZhsZjRHO1gCa4YO0
[2019-12-18T18:42:35.446] [TRACE] user -  test1建立连接 ====== just is connect
[2019-12-18T18:44:50.668] [TRACE] request - 服务开启 port - 2039
[2019-12-18T18:44:50.806] [TRACE] request - 请求进入host ===== 172.16.1.238:2039
[2019-12-18T18:44:50.806] [TRACE] request - 请求进入referer ===== undefined
[2019-12-18T18:44:50.806] [TRACE] request - 请求进入user-agent ===== Mozilla/5.0 (Linux; Android 8.1.0; PADM00 Build/O11019; wv) AppleWebKit/537.36 (KHTML, like Gecko) Version/4.0 Chrome/66.0.3359.126 MQQBrowser/6.2 TBS/45016 Mobile Safari/537.36 MMWEBID/1636 MicroMessenger/7.0.9.1560(0x27000935) Process/tools NetType/WIFI Language/zh_CN ABI/arm64
[2019-12-18T18:44:50.806] [INFO] token - 登录SQL执行 ====== SELECT a_token,username FROM m_token WHERE token='hrDfByqzEb1DXGmkGK_rmsRuym_hOJfqioNN43B0PJM'
[2019-12-18T18:44:50.806] [INFO] token - 校验token ====== hrDfByqzEb1DXGmkGK_rmsRuym_hOJfqioNN43B0PJM
[2019-12-18T18:44:50.899] [TRACE] user -  test2建立连接 ====== just is connect
[2019-12-18T18:44:51.143] [TRACE] request - 请求进入host ===== 172.16.1.238:2039
[2019-12-18T18:44:51.143] [TRACE] request - 请求进入referer ===== undefined
[2019-12-18T18:44:51.143] [TRACE] request - 请求进入user-agent ===== Mozilla/5.0 (iPhone; CPU iPhone OS 11_0 like Mac OS X) AppleWebKit/604.1.38 (KHTML, like Gecko) Version/11.0 Mobile/15A372 Safari/604.1
[2019-12-18T18:44:51.143] [INFO] token - 登录SQL执行 ====== SELECT a_token,username FROM m_token WHERE token='OL0L2pAxk5eLS6yYqIVjXoFAXE3ZhsZjRHO1gCa4YO0'
[2019-12-18T18:44:51.143] [INFO] token - 校验token ====== OL0L2pAxk5eLS6yYqIVjXoFAXE3ZhsZjRHO1gCa4YO0
[2019-12-18T18:44:51.145] [TRACE] user -  test1建立连接 ====== just is connect
[2019-12-18T18:44:51.154] [TRACE] request - 请求进入host ===== 172.16.1.238:2039
[2019-12-18T18:44:51.154] [TRACE] request - 请求进入referer ===== undefined
[2019-12-18T18:44:51.154] [TRACE] request - 请求进入user-agent ===== Mozilla/5.0 (iPhone; CPU iPhone OS 11_0 like Mac OS X) AppleWebKit/604.1.38 (KHTML, like Gecko) Version/11.0 Mobile/15A372 Safari/604.1
[2019-12-18T18:44:51.154] [INFO] token - 登录SQL执行 ====== SELECT a_token,username FROM m_token WHERE token='OL0L2pAxk5eLS6yYqIVjXoFAXE3ZhsZjRHO1gCa4YO0'
[2019-12-18T18:44:51.154] [INFO] token - 校验token ====== OL0L2pAxk5eLS6yYqIVjXoFAXE3ZhsZjRHO1gCa4YO0
[2019-12-18T18:44:51.156] [TRACE] user -  test1建立连接 ====== just is connect
[2019-12-18T18:45:04.341] [TRACE] request - 请求进入host ===== 172.16.1.238:2039
[2019-12-18T18:45:04.342] [TRACE] request - 请求进入referer ===== undefined
[2019-12-18T18:45:04.342] [TRACE] request - 请求进入user-agent ===== Mozilla/5.0 (Linux; Android 8.1.0; PADM00 Build/O11019; wv) AppleWebKit/537.36 (KHTML, like Gecko) Version/4.0 Chrome/66.0.3359.126 MQQBrowser/6.2 TBS/45016 Mobile Safari/537.36 MMWEBID/1636 MicroMessenger/7.0.9.1560(0x27000935) Process/tools NetType/WIFI Language/zh_CN ABI/arm64
[2019-12-18T18:45:04.342] [INFO] token - 登录SQL执行 ====== SELECT a_token,username FROM m_token WHERE token='hrDfByqzEb1DXGmkGK_rmsRuym_hOJfqioNN43B0PJM'
[2019-12-18T18:45:04.342] [INFO] token - 校验token ====== hrDfByqzEb1DXGmkGK_rmsRuym_hOJfqioNN43B0PJM
[2019-12-18T18:45:04.344] [TRACE] user -  test2建立连接 ====== just is connect
[2019-12-18T18:45:05.846] [TRACE] request - 请求进入host ===== 172.16.1.238:2039
[2019-12-18T18:45:05.846] [TRACE] request - 请求进入referer ===== undefined
[2019-12-18T18:45:05.846] [TRACE] request - 请求进入user-agent ===== Mozilla/5.0 (Linux; Android 8.1.0; PADM00 Build/O11019; wv) AppleWebKit/537.36 (KHTML, like Gecko) Version/4.0 Chrome/66.0.3359.126 MQQBrowser/6.2 TBS/45016 Mobile Safari/537.36 MMWEBID/1636 MicroMessenger/7.0.9.1560(0x27000935) Process/tools NetType/WIFI Language/zh_CN ABI/arm64
[2019-12-18T18:45:05.846] [INFO] token - 登录SQL执行 ====== SELECT a_token,username FROM m_token WHERE token='hrDfByqzEb1DXGmkGK_rmsRuym_hOJfqioNN43B0PJM'
[2019-12-18T18:45:05.846] [INFO] token - 校验token ====== hrDfByqzEb1DXGmkGK_rmsRuym_hOJfqioNN43B0PJM
[2019-12-18T18:45:05.847] [TRACE] user -  test2建立连接 ====== just is connect
[2019-12-18T18:45:05.854] [TRACE] user - 群用户信息-SQL ====== SELECT username, avator FROM m_group WHERE group_id = 1
[2019-12-18T18:45:14.588] [TRACE] request - 请求进入host ===== 172.16.1.238:2039
[2019-12-18T18:45:14.588] [TRACE] request - 请求进入referer ===== undefined
[2019-12-18T18:45:14.588] [TRACE] request - 请求进入user-agent ===== Mozilla/5.0 (iPhone; CPU iPhone OS 11_0 like Mac OS X) AppleWebKit/604.1.38 (KHTML, like Gecko) Version/11.0 Mobile/15A372 Safari/604.1
[2019-12-18T18:45:14.588] [INFO] token - 登录SQL执行 ====== SELECT a_token,username FROM m_token WHERE token='OL0L2pAxk5eLS6yYqIVjXoFAXE3ZhsZjRHO1gCa4YO0'
[2019-12-18T18:45:14.588] [INFO] token - 校验token ====== OL0L2pAxk5eLS6yYqIVjXoFAXE3ZhsZjRHO1gCa4YO0
[2019-12-18T18:45:14.590] [TRACE] user -  test1建立连接 ====== just is connect
[2019-12-18T18:45:36.755] [TRACE] request - 服务开启 port - 2039
[2019-12-18T18:45:36.944] [TRACE] request - 请求进入host ===== 172.16.1.238:2039
[2019-12-18T18:45:36.944] [TRACE] request - 请求进入referer ===== undefined
[2019-12-18T18:45:36.944] [TRACE] request - 请求进入user-agent ===== Mozilla/5.0 (Linux; Android 8.1.0; PADM00 Build/O11019; wv) AppleWebKit/537.36 (KHTML, like Gecko) Version/4.0 Chrome/66.0.3359.126 MQQBrowser/6.2 TBS/45016 Mobile Safari/537.36 MMWEBID/1636 MicroMessenger/7.0.9.1560(0x27000935) Process/tools NetType/WIFI Language/zh_CN ABI/arm64
[2019-12-18T18:45:36.944] [INFO] token - 登录SQL执行 ====== SELECT a_token,username FROM m_token WHERE token='hrDfByqzEb1DXGmkGK_rmsRuym_hOJfqioNN43B0PJM'
[2019-12-18T18:45:36.944] [INFO] token - 校验token ====== hrDfByqzEb1DXGmkGK_rmsRuym_hOJfqioNN43B0PJM
[2019-12-18T18:45:37.036] [TRACE] user -  test2建立连接 ====== just is connect
[2019-12-18T18:45:37.159] [TRACE] request - 请求进入host ===== 172.16.1.238:2039
[2019-12-18T18:45:37.159] [TRACE] request - 请求进入referer ===== undefined
[2019-12-18T18:45:37.159] [TRACE] request - 请求进入user-agent ===== Mozilla/5.0 (iPhone; CPU iPhone OS 11_0 like Mac OS X) AppleWebKit/604.1.38 (KHTML, like Gecko) Version/11.0 Mobile/15A372 Safari/604.1
[2019-12-18T18:45:37.159] [INFO] token - 登录SQL执行 ====== SELECT a_token,username FROM m_token WHERE token='OL0L2pAxk5eLS6yYqIVjXoFAXE3ZhsZjRHO1gCa4YO0'
[2019-12-18T18:45:37.159] [INFO] token - 校验token ====== OL0L2pAxk5eLS6yYqIVjXoFAXE3ZhsZjRHO1gCa4YO0
[2019-12-18T18:45:37.161] [TRACE] user -  test1建立连接 ====== just is connect
[2019-12-18T18:45:43.100] [TRACE] request - 请求进入host ===== 172.16.1.238:2039
[2019-12-18T18:45:43.100] [TRACE] request - 请求进入referer ===== undefined
[2019-12-18T18:45:43.100] [TRACE] request - 请求进入user-agent ===== Mozilla/5.0 (iPhone; CPU iPhone OS 11_0 like Mac OS X) AppleWebKit/604.1.38 (KHTML, like Gecko) Version/11.0 Mobile/15A372 Safari/604.1
[2019-12-18T18:45:43.100] [INFO] token - 登录SQL执行 ====== SELECT a_token,username FROM m_token WHERE token='OL0L2pAxk5eLS6yYqIVjXoFAXE3ZhsZjRHO1gCa4YO0'
[2019-12-18T18:45:43.100] [INFO] token - 校验token ====== OL0L2pAxk5eLS6yYqIVjXoFAXE3ZhsZjRHO1gCa4YO0
[2019-12-18T18:45:43.102] [TRACE] user -  test1建立连接 ====== just is connect
[2019-12-18T18:45:50.758] [TRACE] request - 请求进入host ===== 172.16.1.238:2039
[2019-12-18T18:45:50.758] [TRACE] request - 请求进入referer ===== undefined
[2019-12-18T18:45:50.758] [TRACE] request - 请求进入user-agent ===== Mozilla/5.0 (Linux; Android 8.1.0; PADM00 Build/O11019; wv) AppleWebKit/537.36 (KHTML, like Gecko) Version/4.0 Chrome/66.0.3359.126 MQQBrowser/6.2 TBS/45016 Mobile Safari/537.36 MMWEBID/1636 MicroMessenger/7.0.9.1560(0x27000935) Process/tools NetType/WIFI Language/zh_CN ABI/arm64
[2019-12-18T18:45:50.758] [INFO] token - 登录SQL执行 ====== SELECT a_token,username FROM m_token WHERE token='hrDfByqzEb1DXGmkGK_rmsRuym_hOJfqioNN43B0PJM'
[2019-12-18T18:45:50.758] [INFO] token - 校验token ====== hrDfByqzEb1DXGmkGK_rmsRuym_hOJfqioNN43B0PJM
[2019-12-18T18:45:50.759] [TRACE] user -  test2建立连接 ====== just is connect
[2019-12-18T18:45:52.775] [TRACE] request - 请求进入host ===== 172.16.1.238:2039
[2019-12-18T18:45:52.775] [TRACE] request - 请求进入referer ===== undefined
[2019-12-18T18:45:52.775] [TRACE] request - 请求进入user-agent ===== Mozilla/5.0 (Linux; Android 8.1.0; PADM00 Build/O11019; wv) AppleWebKit/537.36 (KHTML, like Gecko) Version/4.0 Chrome/66.0.3359.126 MQQBrowser/6.2 TBS/45016 Mobile Safari/537.36 MMWEBID/1636 MicroMessenger/7.0.9.1560(0x27000935) Process/tools NetType/WIFI Language/zh_CN ABI/arm64
[2019-12-18T18:45:52.775] [INFO] token - 登录SQL执行 ====== SELECT a_token,username FROM m_token WHERE token='hrDfByqzEb1DXGmkGK_rmsRuym_hOJfqioNN43B0PJM'
[2019-12-18T18:45:52.775] [INFO] token - 校验token ====== hrDfByqzEb1DXGmkGK_rmsRuym_hOJfqioNN43B0PJM
[2019-12-18T18:45:52.777] [TRACE] user -  test2建立连接 ====== just is connect
[2019-12-18T18:47:07.731] [TRACE] login - 系统登录SQL ====== select username,password,o_username from m_users where username='5a105e8b9d40e1329780d62ea2265d8a' and password='e10adc3949ba59abbe56e057f20f883e';
[2019-12-18T18:47:07.733] [TRACE] login - 登录查找token-SQL ====== SELECT * FROM m_token WHERE username='test1'
[2019-12-18T18:47:08.753] [TRACE] request - 请求进入host ===== 172.16.1.238:2039
[2019-12-18T18:47:08.753] [TRACE] request - 请求进入referer ===== undefined
[2019-12-18T18:47:08.753] [TRACE] request - 请求进入user-agent ===== Mozilla/5.0 (iPhone; CPU iPhone OS 11_0 like Mac OS X) AppleWebKit/604.1.38 (KHTML, like Gecko) Version/11.0 Mobile/15A372 Safari/604.1
[2019-12-18T18:47:08.753] [INFO] token - 登录SQL执行 ====== SELECT a_token,username FROM m_token WHERE token='OL0L2pAxk5eLS6yYqIVjXoFAXE3ZhsZjRHO1gCa4YO0'
[2019-12-18T18:47:08.753] [INFO] token - 校验token ====== OL0L2pAxk5eLS6yYqIVjXoFAXE3ZhsZjRHO1gCa4YO0
[2019-12-18T18:47:08.757] [TRACE] user -  test1建立连接 ====== just is connect
[2019-12-18T18:47:08.762] [TRACE] user - 群用户信息-SQL ====== SELECT username, avator FROM m_group WHERE group_id = 1
[2019-12-18T18:54:58.516] [TRACE] request - 服务开启 port - 2039
[2019-12-18T18:54:58.549] [TRACE] request - 请求进入host ===== 172.16.1.238:2039
[2019-12-18T18:54:58.549] [TRACE] request - 请求进入referer ===== undefined
[2019-12-18T18:54:58.549] [TRACE] request - 请求进入user-agent ===== Mozilla/5.0 (iPhone; CPU iPhone OS 11_0 like Mac OS X) AppleWebKit/604.1.38 (KHTML, like Gecko) Version/11.0 Mobile/15A372 Safari/604.1
[2019-12-18T18:54:58.549] [INFO] token - 登录SQL执行 ====== SELECT a_token,username FROM m_token WHERE token='OL0L2pAxk5eLS6yYqIVjXoFAXE3ZhsZjRHO1gCa4YO0'
[2019-12-18T18:54:58.549] [INFO] token - 校验token ====== OL0L2pAxk5eLS6yYqIVjXoFAXE3ZhsZjRHO1gCa4YO0
[2019-12-18T18:54:58.637] [TRACE] request - 请求进入host ===== 172.16.1.238:2039
[2019-12-18T18:54:58.637] [TRACE] request - 请求进入referer ===== undefined
[2019-12-18T18:54:58.637] [TRACE] request - 请求进入user-agent ===== Mozilla/5.0 (iPhone; CPU iPhone OS 11_0 like Mac OS X) AppleWebKit/604.1.38 (KHTML, like Gecko) Version/11.0 Mobile/15A372 Safari/604.1
[2019-12-18T18:54:58.637] [INFO] token - 登录SQL执行 ====== SELECT a_token,username FROM m_token WHERE token='OL0L2pAxk5eLS6yYqIVjXoFAXE3ZhsZjRHO1gCa4YO0'
[2019-12-18T18:54:58.637] [INFO] token - 校验token ====== OL0L2pAxk5eLS6yYqIVjXoFAXE3ZhsZjRHO1gCa4YO0
[2019-12-18T18:54:58.646] [TRACE] user -  test1建立连接 ====== just is connect
[2019-12-18T18:54:58.648] [TRACE] user -  test1建立连接 ====== just is connect
[2019-12-18T18:55:00.598] [TRACE] request - 请求进入host ===== 172.16.1.238:2039
[2019-12-18T18:55:00.599] [TRACE] request - 请求进入referer ===== undefined
[2019-12-18T18:55:00.599] [TRACE] request - 请求进入user-agent ===== Mozilla/5.0 (Linux; Android 8.1.0; PADM00 Build/O11019; wv) AppleWebKit/537.36 (KHTML, like Gecko) Version/4.0 Chrome/66.0.3359.126 MQQBrowser/6.2 TBS/45016 Mobile Safari/537.36 MMWEBID/1636 MicroMessenger/7.0.9.1560(0x27000935) Process/tools NetType/WIFI Language/zh_CN ABI/arm64
[2019-12-18T18:55:00.599] [INFO] token - 登录SQL执行 ====== SELECT a_token,username FROM m_token WHERE token='hrDfByqzEb1DXGmkGK_rmsRuym_hOJfqioNN43B0PJM'
[2019-12-18T18:55:00.599] [INFO] token - 校验token ====== hrDfByqzEb1DXGmkGK_rmsRuym_hOJfqioNN43B0PJM
[2019-12-18T18:55:00.600] [TRACE] user -  test2建立连接 ====== just is connect
[2019-12-18T18:55:02.081] [TRACE] request - 请求进入host ===== 172.16.1.238:2039
[2019-12-18T18:55:02.081] [TRACE] request - 请求进入referer ===== undefined
[2019-12-18T18:55:02.081] [TRACE] request - 请求进入user-agent ===== Mozilla/5.0 (Linux; Android 8.1.0; PADM00 Build/O11019; wv) AppleWebKit/537.36 (KHTML, like Gecko) Version/4.0 Chrome/66.0.3359.126 MQQBrowser/6.2 TBS/45016 Mobile Safari/537.36 MMWEBID/1636 MicroMessenger/7.0.9.1560(0x27000935) Process/tools NetType/WIFI Language/zh_CN ABI/arm64
[2019-12-18T18:55:02.081] [INFO] token - 登录SQL执行 ====== SELECT a_token,username FROM m_token WHERE token='hrDfByqzEb1DXGmkGK_rmsRuym_hOJfqioNN43B0PJM'
[2019-12-18T18:55:02.081] [INFO] token - 校验token ====== hrDfByqzEb1DXGmkGK_rmsRuym_hOJfqioNN43B0PJM
[2019-12-18T18:55:02.082] [TRACE] user -  test2建立连接 ====== just is connect
[2019-12-18T18:55:06.194] [TRACE] request - 请求进入host ===== 172.16.1.238:2039
[2019-12-18T18:55:06.194] [TRACE] request - 请求进入referer ===== undefined
[2019-12-18T18:55:06.194] [TRACE] request - 请求进入user-agent ===== Mozilla/5.0 (iPhone; CPU iPhone OS 11_0 like Mac OS X) AppleWebKit/604.1.38 (KHTML, like Gecko) Version/11.0 Mobile/15A372 Safari/604.1
[2019-12-18T18:55:06.194] [INFO] token - 登录SQL执行 ====== SELECT a_token,username FROM m_token WHERE token='OL0L2pAxk5eLS6yYqIVjXoFAXE3ZhsZjRHO1gCa4YO0'
[2019-12-18T18:55:06.194] [INFO] token - 校验token ====== OL0L2pAxk5eLS6yYqIVjXoFAXE3ZhsZjRHO1gCa4YO0
[2019-12-18T18:55:06.199] [TRACE] user -  test1建立连接 ====== just is connect
[2019-12-18T18:55:06.506] [TRACE] request - 请求进入host ===== 172.16.1.238:2039
[2019-12-18T18:55:06.506] [TRACE] request - 请求进入referer ===== undefined
[2019-12-18T18:55:06.506] [TRACE] request - 请求进入user-agent ===== Mozilla/5.0 (iPhone; CPU iPhone OS 11_0 like Mac OS X) AppleWebKit/604.1.38 (KHTML, like Gecko) Version/11.0 Mobile/15A372 Safari/604.1
[2019-12-18T18:55:06.506] [INFO] token - 登录SQL执行 ====== SELECT a_token,username FROM m_token WHERE token='OL0L2pAxk5eLS6yYqIVjXoFAXE3ZhsZjRHO1gCa4YO0'
[2019-12-18T18:55:06.506] [INFO] token - 校验token ====== OL0L2pAxk5eLS6yYqIVjXoFAXE3ZhsZjRHO1gCa4YO0
[2019-12-18T18:55:06.507] [TRACE] user -  test1建立连接 ====== just is connect
[2019-12-18T18:55:06.581] [TRACE] user - 群用户信息-SQL ====== SELECT username, avator FROM m_group WHERE group_id = 1
[2019-12-18T18:55:17.469] [TRACE] request - 请求进入host ===== 172.16.1.238:2039
[2019-12-18T18:55:17.469] [TRACE] request - 请求进入referer ===== undefined
[2019-12-18T18:55:17.469] [TRACE] request - 请求进入user-agent ===== Mozilla/5.0 (Linux; Android 8.1.0; PADM00 Build/O11019; wv) AppleWebKit/537.36 (KHTML, like Gecko) Version/4.0 Chrome/66.0.3359.126 MQQBrowser/6.2 TBS/45016 Mobile Safari/537.36 MMWEBID/1636 MicroMessenger/7.0.9.1560(0x27000935) Process/tools NetType/WIFI Language/zh_CN ABI/arm64
[2019-12-18T18:55:17.469] [INFO] token - 登录SQL执行 ====== SELECT a_token,username FROM m_token WHERE token='hrDfByqzEb1DXGmkGK_rmsRuym_hOJfqioNN43B0PJM'
[2019-12-18T18:55:17.469] [INFO] token - 校验token ====== hrDfByqzEb1DXGmkGK_rmsRuym_hOJfqioNN43B0PJM
[2019-12-18T18:55:17.472] [TRACE] user -  test2建立连接 ====== just is connect
[2019-12-18T18:55:54.144] [TRACE] request - 请求进入host ===== 172.16.1.238:2039
[2019-12-18T18:55:54.144] [TRACE] request - 请求进入referer ===== undefined
[2019-12-18T18:55:54.144] [TRACE] request - 请求进入user-agent ===== Mozilla/5.0 (iPhone; CPU iPhone OS 11_0 like Mac OS X) AppleWebKit/604.1.38 (KHTML, like Gecko) Version/11.0 Mobile/15A372 Safari/604.1
[2019-12-18T18:55:54.144] [INFO] token - 登录SQL执行 ====== SELECT a_token,username FROM m_token WHERE token='OL0L2pAxk5eLS6yYqIVjXoFAXE3ZhsZjRHO1gCa4YO0'
[2019-12-18T18:55:54.144] [INFO] token - 校验token ====== OL0L2pAxk5eLS6yYqIVjXoFAXE3ZhsZjRHO1gCa4YO0
[2019-12-18T18:55:54.147] [TRACE] user -  test1建立连接 ====== just is connect
[2019-12-18T18:55:54.501] [TRACE] request - 请求进入host ===== 172.16.1.238:2039
[2019-12-18T18:55:54.501] [TRACE] request - 请求进入referer ===== undefined
[2019-12-18T18:55:54.501] [TRACE] request - 请求进入user-agent ===== Mozilla/5.0 (iPhone; CPU iPhone OS 11_0 like Mac OS X) AppleWebKit/604.1.38 (KHTML, like Gecko) Version/11.0 Mobile/15A372 Safari/604.1
[2019-12-18T18:55:54.501] [INFO] token - 登录SQL执行 ====== SELECT a_token,username FROM m_token WHERE token='OL0L2pAxk5eLS6yYqIVjXoFAXE3ZhsZjRHO1gCa4YO0'
[2019-12-18T18:55:54.501] [INFO] token - 校验token ====== OL0L2pAxk5eLS6yYqIVjXoFAXE3ZhsZjRHO1gCa4YO0
[2019-12-18T18:55:54.505] [TRACE] user -  test1建立连接 ====== just is connect
[2019-12-18T18:55:54.539] [TRACE] user - 群用户信息-SQL ====== SELECT username, avator FROM m_group WHERE group_id = 1
[2019-12-18T18:55:57.615] [TRACE] request - 请求进入host ===== 172.16.1.238:2039
[2019-12-18T18:55:57.615] [TRACE] request - 请求进入referer ===== undefined
[2019-12-18T18:55:57.615] [TRACE] request - 请求进入user-agent ===== Mozilla/5.0 (iPhone; CPU iPhone OS 11_0 like Mac OS X) AppleWebKit/604.1.38 (KHTML, like Gecko) Version/11.0 Mobile/15A372 Safari/604.1
[2019-12-18T18:55:57.615] [INFO] token - 登录SQL执行 ====== SELECT a_token,username FROM m_token WHERE token='OL0L2pAxk5eLS6yYqIVjXoFAXE3ZhsZjRHO1gCa4YO0'
[2019-12-18T18:55:57.615] [INFO] token - 校验token ====== OL0L2pAxk5eLS6yYqIVjXoFAXE3ZhsZjRHO1gCa4YO0
[2019-12-18T18:55:57.619] [TRACE] user -  test1建立连接 ====== just is connect
[2019-12-18T18:55:57.923] [TRACE] request - 请求进入host ===== 172.16.1.238:2039
[2019-12-18T18:55:57.923] [TRACE] request - 请求进入referer ===== undefined
[2019-12-18T18:55:57.923] [TRACE] request - 请求进入user-agent ===== Mozilla/5.0 (iPhone; CPU iPhone OS 11_0 like Mac OS X) AppleWebKit/604.1.38 (KHTML, like Gecko) Version/11.0 Mobile/15A372 Safari/604.1
[2019-12-18T18:55:57.923] [INFO] token - 登录SQL执行 ====== SELECT a_token,username FROM m_token WHERE token='OL0L2pAxk5eLS6yYqIVjXoFAXE3ZhsZjRHO1gCa4YO0'
[2019-12-18T18:55:57.923] [INFO] token - 校验token ====== OL0L2pAxk5eLS6yYqIVjXoFAXE3ZhsZjRHO1gCa4YO0
[2019-12-18T18:55:57.925] [TRACE] user -  test1建立连接 ====== just is connect
[2019-12-18T18:55:57.985] [TRACE] user - 群用户信息-SQL ====== SELECT username, avator FROM m_group WHERE group_id = 1
[2019-12-18T18:56:01.490] [TRACE] request - 请求进入host ===== 172.16.1.238:2039
[2019-12-18T18:56:01.490] [TRACE] request - 请求进入referer ===== undefined
[2019-12-18T18:56:01.490] [TRACE] request - 请求进入user-agent ===== Mozilla/5.0 (iPhone; CPU iPhone OS 11_0 like Mac OS X) AppleWebKit/604.1.38 (KHTML, like Gecko) Version/11.0 Mobile/15A372 Safari/604.1
[2019-12-18T18:56:01.490] [INFO] token - 登录SQL执行 ====== SELECT a_token,username FROM m_token WHERE token='OL0L2pAxk5eLS6yYqIVjXoFAXE3ZhsZjRHO1gCa4YO0'
[2019-12-18T18:56:01.490] [INFO] token - 校验token ====== OL0L2pAxk5eLS6yYqIVjXoFAXE3ZhsZjRHO1gCa4YO0
[2019-12-18T18:56:01.493] [TRACE] user -  test1建立连接 ====== just is connect
[2019-12-18T18:56:01.803] [TRACE] request - 请求进入host ===== 172.16.1.238:2039
[2019-12-18T18:56:01.803] [TRACE] request - 请求进入referer ===== undefined
[2019-12-18T18:56:01.803] [TRACE] request - 请求进入user-agent ===== Mozilla/5.0 (iPhone; CPU iPhone OS 11_0 like Mac OS X) AppleWebKit/604.1.38 (KHTML, like Gecko) Version/11.0 Mobile/15A372 Safari/604.1
[2019-12-18T18:56:01.803] [INFO] token - 登录SQL执行 ====== SELECT a_token,username FROM m_token WHERE token='OL0L2pAxk5eLS6yYqIVjXoFAXE3ZhsZjRHO1gCa4YO0'
[2019-12-18T18:56:01.803] [INFO] token - 校验token ====== OL0L2pAxk5eLS6yYqIVjXoFAXE3ZhsZjRHO1gCa4YO0
[2019-12-18T18:56:01.806] [TRACE] user -  test1建立连接 ====== just is connect
[2019-12-18T18:56:01.866] [TRACE] user - 群用户信息-SQL ====== SELECT username, avator FROM m_group WHERE group_id = 1
[2019-12-18T18:56:08.918] [TRACE] request - 请求进入host ===== 172.16.1.238:2039
[2019-12-18T18:56:08.918] [TRACE] request - 请求进入referer ===== undefined
[2019-12-18T18:56:08.918] [TRACE] request - 请求进入user-agent ===== Mozilla/5.0 (iPhone; CPU iPhone OS 11_0 like Mac OS X) AppleWebKit/604.1.38 (KHTML, like Gecko) Version/11.0 Mobile/15A372 Safari/604.1
[2019-12-18T18:56:08.919] [INFO] token - 登录SQL执行 ====== SELECT a_token,username FROM m_token WHERE token='OL0L2pAxk5eLS6yYqIVjXoFAXE3ZhsZjRHO1gCa4YO0'
[2019-12-18T18:56:08.919] [INFO] token - 校验token ====== OL0L2pAxk5eLS6yYqIVjXoFAXE3ZhsZjRHO1gCa4YO0
[2019-12-18T18:56:08.922] [TRACE] user -  test1建立连接 ====== just is connect
[2019-12-18T18:56:09.225] [TRACE] request - 请求进入host ===== 172.16.1.238:2039
[2019-12-18T18:56:09.225] [TRACE] request - 请求进入referer ===== undefined
[2019-12-18T18:56:09.225] [TRACE] request - 请求进入user-agent ===== Mozilla/5.0 (iPhone; CPU iPhone OS 11_0 like Mac OS X) AppleWebKit/604.1.38 (KHTML, like Gecko) Version/11.0 Mobile/15A372 Safari/604.1
[2019-12-18T18:56:09.225] [INFO] token - 登录SQL执行 ====== SELECT a_token,username FROM m_token WHERE token='OL0L2pAxk5eLS6yYqIVjXoFAXE3ZhsZjRHO1gCa4YO0'
[2019-12-18T18:56:09.225] [INFO] token - 校验token ====== OL0L2pAxk5eLS6yYqIVjXoFAXE3ZhsZjRHO1gCa4YO0
[2019-12-18T18:56:09.231] [TRACE] user -  test1建立连接 ====== just is connect
[2019-12-18T18:56:09.293] [TRACE] user - 群用户信息-SQL ====== SELECT username, avator FROM m_group WHERE group_id = 1
[2019-12-18T18:56:13.778] [TRACE] request - 请求进入host ===== 172.16.1.238:2039
[2019-12-18T18:56:13.778] [TRACE] request - 请求进入referer ===== undefined
[2019-12-18T18:56:13.778] [TRACE] request - 请求进入user-agent ===== Mozilla/5.0 (iPhone; CPU iPhone OS 11_0 like Mac OS X) AppleWebKit/604.1.38 (KHTML, like Gecko) Version/11.0 Mobile/15A372 Safari/604.1
[2019-12-18T18:56:13.778] [INFO] token - 登录SQL执行 ====== SELECT a_token,username FROM m_token WHERE token='OL0L2pAxk5eLS6yYqIVjXoFAXE3ZhsZjRHO1gCa4YO0'
[2019-12-18T18:56:13.779] [INFO] token - 校验token ====== OL0L2pAxk5eLS6yYqIVjXoFAXE3ZhsZjRHO1gCa4YO0
[2019-12-18T18:56:13.783] [TRACE] user -  test1建立连接 ====== just is connect
[2019-12-18T18:56:14.077] [TRACE] request - 请求进入host ===== 172.16.1.238:2039
[2019-12-18T18:56:14.078] [TRACE] request - 请求进入referer ===== undefined
[2019-12-18T18:56:14.078] [TRACE] request - 请求进入user-agent ===== Mozilla/5.0 (iPhone; CPU iPhone OS 11_0 like Mac OS X) AppleWebKit/604.1.38 (KHTML, like Gecko) Version/11.0 Mobile/15A372 Safari/604.1
[2019-12-18T18:56:14.078] [INFO] token - 登录SQL执行 ====== SELECT a_token,username FROM m_token WHERE token='OL0L2pAxk5eLS6yYqIVjXoFAXE3ZhsZjRHO1gCa4YO0'
[2019-12-18T18:56:14.078] [INFO] token - 校验token ====== OL0L2pAxk5eLS6yYqIVjXoFAXE3ZhsZjRHO1gCa4YO0
[2019-12-18T18:56:14.088] [TRACE] user -  test1建立连接 ====== just is connect
[2019-12-18T18:56:14.146] [TRACE] user - 群用户信息-SQL ====== SELECT username, avator FROM m_group WHERE group_id = 1
[2019-12-18T19:47:45.135] [TRACE] request - 服务开启 port - 2039
[2019-12-18T19:47:45.241] [TRACE] request - 请求进入host ===== 192.168.0.106:2039
[2019-12-18T19:47:45.241] [TRACE] request - 请求进入referer ===== undefined
[2019-12-18T19:47:45.241] [TRACE] request - 请求进入user-agent ===== Mozilla/5.0 (iPhone; CPU iPhone OS 11_0 like Mac OS X) AppleWebKit/604.1.38 (KHTML, like Gecko) Version/11.0 Mobile/15A372 Safari/604.1
[2019-12-18T19:47:45.241] [INFO] token - 登录SQL执行 ====== SELECT a_token,username FROM m_token WHERE token='1Fzqae1Yo67Klpz2SuWqd-IbPO4CAMt6omsqMJkcFRU'
[2019-12-18T19:47:45.241] [INFO] token - 校验token ====== 1Fzqae1Yo67Klpz2SuWqd-IbPO4CAMt6omsqMJkcFRU
[2019-12-18T19:47:46.662] [TRACE] user -  gxlself建立连接 ====== just is connect
[2019-12-18T19:47:50.167] [TRACE] request - 请求进入host ===== 192.168.0.106:2039
[2019-12-18T19:47:50.167] [TRACE] request - 请求进入referer ===== undefined
[2019-12-18T19:47:50.167] [TRACE] request - 请求进入user-agent ===== Mozilla/5.0 (iPhone; CPU iPhone OS 11_0 like Mac OS X) AppleWebKit/604.1.38 (KHTML, like Gecko) Version/11.0 Mobile/15A372 Safari/604.1
[2019-12-18T19:47:50.167] [INFO] token - 登录SQL执行 ====== SELECT a_token,username FROM m_token WHERE token='1Fzqae1Yo67Klpz2SuWqd-IbPO4CAMt6omsqMJkcFRU'
[2019-12-18T19:47:50.168] [INFO] token - 校验token ====== 1Fzqae1Yo67Klpz2SuWqd-IbPO4CAMt6omsqMJkcFRU
[2019-12-18T19:47:50.176] [TRACE] user -  gxlself建立连接 ====== just is connect
[2019-12-18T19:48:55.528] [TRACE] request - 请求进入host ===== 192.168.0.106:2039
[2019-12-18T19:48:55.528] [TRACE] request - 请求进入referer ===== undefined
[2019-12-18T19:48:55.528] [TRACE] request - 请求进入user-agent ===== Mozilla/5.0 (iPhone; CPU iPhone OS 11_0 like Mac OS X) AppleWebKit/604.1.38 (KHTML, like Gecko) Version/11.0 Mobile/15A372 Safari/604.1
[2019-12-18T19:48:55.528] [INFO] token - 登录SQL执行 ====== SELECT a_token,username FROM m_token WHERE token='1Fzqae1Yo67Klpz2SuWqd-IbPO4CAMt6omsqMJkcFRU'
[2019-12-18T19:48:55.528] [INFO] token - 校验token ====== 1Fzqae1Yo67Klpz2SuWqd-IbPO4CAMt6omsqMJkcFRU
[2019-12-18T19:48:55.533] [TRACE] user -  gxlself建立连接 ====== just is connect
[2019-12-18T21:47:53.807] [TRACE] request - 请求进入host ===== 192.168.0.106:2039
[2019-12-18T21:47:53.807] [TRACE] request - 请求进入referer ===== undefined
[2019-12-18T21:47:53.807] [TRACE] request - 请求进入user-agent ===== Mozilla/5.0 (iPhone; CPU iPhone OS 11_0 like Mac OS X) AppleWebKit/604.1.38 (KHTML, like Gecko) Version/11.0 Mobile/15A372 Safari/604.1
[2019-12-18T21:47:53.808] [INFO] token - 登录SQL执行 ====== SELECT a_token,username FROM m_token WHERE token='1Fzqae1Yo67Klpz2SuWqd-IbPO4CAMt6omsqMJkcFRU'
[2019-12-18T21:47:53.808] [INFO] token - 校验token ====== 1Fzqae1Yo67Klpz2SuWqd-IbPO4CAMt6omsqMJkcFRU
[2019-12-18T21:47:53.815] [TRACE] user -  gxlself建立连接 ====== just is connect
[2019-12-18T21:57:40.481] [TRACE] request - 请求进入host ===== 192.168.0.106:2039
[2019-12-18T21:57:40.481] [TRACE] request - 请求进入referer ===== undefined
[2019-12-18T21:57:40.481] [TRACE] request - 请求进入user-agent ===== Mozilla/5.0 (iPhone; CPU iPhone OS 11_0 like Mac OS X) AppleWebKit/604.1.38 (KHTML, like Gecko) Version/11.0 Mobile/15A372 Safari/604.1
[2019-12-18T21:57:40.481] [INFO] token - 登录SQL执行 ====== SELECT a_token,username FROM m_token WHERE token='1Fzqae1Yo67Klpz2SuWqd-IbPO4CAMt6omsqMJkcFRU'
[2019-12-18T21:57:40.481] [INFO] token - 校验token ====== 1Fzqae1Yo67Klpz2SuWqd-IbPO4CAMt6omsqMJkcFRU
[2019-12-18T21:57:40.486] [TRACE] user -  gxlself建立连接 ====== just is connect
[2019-12-18T22:09:04.753] [TRACE] request - 服务开启 port - 2039
[2019-12-18T22:09:04.912] [TRACE] request - 请求进入host ===== 192.168.0.106:2039
[2019-12-18T22:09:04.912] [TRACE] request - 请求进入referer ===== undefined
[2019-12-18T22:09:04.913] [TRACE] request - 请求进入user-agent ===== Mozilla/5.0 (iPhone; CPU iPhone OS 11_0 like Mac OS X) AppleWebKit/604.1.38 (KHTML, like Gecko) Version/11.0 Mobile/15A372 Safari/604.1
[2019-12-18T22:09:04.913] [INFO] token - 登录SQL执行 ====== SELECT a_token,username FROM m_token WHERE token='1Fzqae1Yo67Klpz2SuWqd-IbPO4CAMt6omsqMJkcFRU'
[2019-12-18T22:09:04.913] [INFO] token - 校验token ====== 1Fzqae1Yo67Klpz2SuWqd-IbPO4CAMt6omsqMJkcFRU
[2019-12-18T22:09:06.123] [TRACE] request - 请求进入host ===== 192.168.0.106:2039
[2019-12-18T22:09:06.124] [TRACE] request - 请求进入referer ===== undefined
[2019-12-18T22:09:06.124] [TRACE] request - 请求进入user-agent ===== Mozilla/5.0 (iPhone; CPU iPhone OS 11_0 like Mac OS X) AppleWebKit/604.1.38 (KHTML, like Gecko) Version/11.0 Mobile/15A372 Safari/604.1
[2019-12-18T22:09:06.124] [INFO] token - 登录SQL执行 ====== SELECT a_token,username FROM m_token WHERE token='1Fzqae1Yo67Klpz2SuWqd-IbPO4CAMt6omsqMJkcFRU'
[2019-12-18T22:09:06.124] [INFO] token - 校验token ====== 1Fzqae1Yo67Klpz2SuWqd-IbPO4CAMt6omsqMJkcFRU
[2019-12-18T22:09:06.139] [TRACE] user -  gxlself建立连接 ====== just is connect
[2019-12-18T22:09:06.142] [TRACE] request - 请求进入host ===== 192.168.0.106:2039
[2019-12-18T22:09:06.142] [TRACE] request - 请求进入referer ===== undefined
[2019-12-18T22:09:06.142] [TRACE] request - 请求进入user-agent ===== Mozilla/5.0 (iPhone; CPU iPhone OS 11_0 like Mac OS X) AppleWebKit/604.1.38 (KHTML, like Gecko) Version/11.0 Mobile/15A372 Safari/604.1
[2019-12-18T22:09:06.142] [INFO] token - 登录SQL执行 ====== SELECT a_token,username FROM m_token WHERE token='1Fzqae1Yo67Klpz2SuWqd-IbPO4CAMt6omsqMJkcFRU'
[2019-12-18T22:09:06.142] [INFO] token - 校验token ====== 1Fzqae1Yo67Klpz2SuWqd-IbPO4CAMt6omsqMJkcFRU
[2019-12-18T22:09:06.145] [TRACE] user -  gxlself建立连接 ====== just is connect
[2019-12-18T22:09:06.147] [TRACE] user -  gxlself建立连接 ====== just is connect
[2019-12-18T22:09:06.154] [TRACE] request - 请求进入host ===== 192.168.0.106:2039
[2019-12-18T22:09:06.154] [TRACE] request - 请求进入referer ===== undefined
[2019-12-18T22:09:06.154] [TRACE] request - 请求进入user-agent ===== Mozilla/5.0 (iPhone; CPU iPhone OS 11_0 like Mac OS X) AppleWebKit/604.1.38 (KHTML, like Gecko) Version/11.0 Mobile/15A372 Safari/604.1
[2019-12-18T22:09:06.154] [INFO] token - 登录SQL执行 ====== SELECT a_token,username FROM m_token WHERE token='1Fzqae1Yo67Klpz2SuWqd-IbPO4CAMt6omsqMJkcFRU'
[2019-12-18T22:09:06.154] [INFO] token - 校验token ====== 1Fzqae1Yo67Klpz2SuWqd-IbPO4CAMt6omsqMJkcFRU
[2019-12-18T22:09:06.157] [TRACE] user -  gxlself建立连接 ====== just is connect
[2019-12-18T22:09:06.168] [TRACE] request - 请求进入host ===== 192.168.0.106:2039
[2019-12-18T22:09:06.168] [TRACE] request - 请求进入referer ===== undefined
[2019-12-18T22:09:06.168] [TRACE] request - 请求进入user-agent ===== Mozilla/5.0 (iPhone; CPU iPhone OS 11_0 like Mac OS X) AppleWebKit/604.1.38 (KHTML, like Gecko) Version/11.0 Mobile/15A372 Safari/604.1
[2019-12-18T22:09:06.168] [INFO] token - 登录SQL执行 ====== SELECT a_token,username FROM m_token WHERE token='1Fzqae1Yo67Klpz2SuWqd-IbPO4CAMt6omsqMJkcFRU'
[2019-12-18T22:09:06.168] [INFO] token - 校验token ====== 1Fzqae1Yo67Klpz2SuWqd-IbPO4CAMt6omsqMJkcFRU
[2019-12-18T22:09:06.170] [TRACE] user -  gxlself建立连接 ====== just is connect
[2019-12-18T22:09:06.181] [TRACE] request - 请求进入host ===== 192.168.0.106:2039
[2019-12-18T22:09:06.181] [TRACE] request - 请求进入referer ===== undefined
[2019-12-18T22:09:06.181] [TRACE] request - 请求进入user-agent ===== Mozilla/5.0 (iPhone; CPU iPhone OS 11_0 like Mac OS X) AppleWebKit/604.1.38 (KHTML, like Gecko) Version/11.0 Mobile/15A372 Safari/604.1
[2019-12-18T22:09:06.181] [INFO] token - 登录SQL执行 ====== SELECT a_token,username FROM m_token WHERE token='1Fzqae1Yo67Klpz2SuWqd-IbPO4CAMt6omsqMJkcFRU'
[2019-12-18T22:09:06.181] [INFO] token - 校验token ====== 1Fzqae1Yo67Klpz2SuWqd-IbPO4CAMt6omsqMJkcFRU
[2019-12-18T22:09:06.183] [TRACE] user -  gxlself建立连接 ====== just is connect
[2019-12-18T22:09:06.201] [TRACE] user - 群用户信息-SQL ====== SELECT username, avator FROM m_group WHERE group_id = 1
[2019-12-18T22:09:23.219] [ERROR] chat - gxlself发送消息失败 ====== ER_BAD_FIELD_ERROR: Unknown column 'from_user' in 'field list'
[2019-12-18T22:10:28.373] [TRACE] request - 服务开启 port - 2039
[2019-12-18T22:10:28.891] [TRACE] request - 请求进入host ===== 192.168.0.106:2039
[2019-12-18T22:10:28.891] [TRACE] request - 请求进入referer ===== undefined
[2019-12-18T22:10:28.891] [TRACE] request - 请求进入user-agent ===== Mozilla/5.0 (iPhone; CPU iPhone OS 11_0 like Mac OS X) AppleWebKit/604.1.38 (KHTML, like Gecko) Version/11.0 Mobile/15A372 Safari/604.1
[2019-12-18T22:10:28.891] [INFO] token - 登录SQL执行 ====== SELECT a_token,username FROM m_token WHERE token='1Fzqae1Yo67Klpz2SuWqd-IbPO4CAMt6omsqMJkcFRU'
[2019-12-18T22:10:28.891] [INFO] token - 校验token ====== 1Fzqae1Yo67Klpz2SuWqd-IbPO4CAMt6omsqMJkcFRU
[2019-12-18T22:10:28.995] [TRACE] user -  gxlself建立连接 ====== just is connect
[2019-12-18T22:10:39.743] [ERROR] chat - gxlself发送消息失败 ====== ER_TRUNCATED_WRONG_VALUE_FOR_FIELD: Incorrect integer value: 'groupChat' for column 'chat_type' at row 1
[2019-12-18T22:10:44.217] [ERROR] chat - gxlself发送消息失败 ====== ER_TRUNCATED_WRONG_VALUE_FOR_FIELD: Incorrect integer value: 'groupChat' for column 'chat_type' at row 1
[2019-12-18T22:12:09.656] [TRACE] request - 服务开启 port - 2039
[2019-12-18T22:12:10.125] [TRACE] request - 请求进入host ===== 192.168.0.106:2039
[2019-12-18T22:12:10.131] [TRACE] request - 请求进入referer ===== undefined
[2019-12-18T22:12:10.131] [TRACE] request - 请求进入user-agent ===== Mozilla/5.0 (iPhone; CPU iPhone OS 11_0 like Mac OS X) AppleWebKit/604.1.38 (KHTML, like Gecko) Version/11.0 Mobile/15A372 Safari/604.1
[2019-12-18T22:12:10.131] [INFO] token - 登录SQL执行 ====== SELECT a_token,username FROM m_token WHERE token='1Fzqae1Yo67Klpz2SuWqd-IbPO4CAMt6omsqMJkcFRU'
[2019-12-18T22:12:10.131] [INFO] token - 校验token ====== 1Fzqae1Yo67Klpz2SuWqd-IbPO4CAMt6omsqMJkcFRU
[2019-12-18T22:12:10.255] [TRACE] user -  gxlself建立连接 ====== just is connect
[2019-12-18T22:12:12.595] [ERROR] chat - gxlself发送消息失败 ====== ER_TRUNCATED_WRONG_VALUE_FOR_FIELD: Incorrect integer value: 'groupChat' for column 'chat_type' at row 1
[2019-12-18T22:13:13.350] [TRACE] request - 服务开启 port - 2039
[2019-12-18T22:13:13.559] [TRACE] request - 请求进入host ===== 192.168.0.106:2039
[2019-12-18T22:13:13.559] [TRACE] request - 请求进入referer ===== undefined
[2019-12-18T22:13:13.559] [TRACE] request - 请求进入user-agent ===== Mozilla/5.0 (iPhone; CPU iPhone OS 11_0 like Mac OS X) AppleWebKit/604.1.38 (KHTML, like Gecko) Version/11.0 Mobile/15A372 Safari/604.1
[2019-12-18T22:13:13.559] [INFO] token - 登录SQL执行 ====== SELECT a_token,username FROM m_token WHERE token='1Fzqae1Yo67Klpz2SuWqd-IbPO4CAMt6omsqMJkcFRU'
[2019-12-18T22:13:13.559] [INFO] token - 校验token ====== 1Fzqae1Yo67Klpz2SuWqd-IbPO4CAMt6omsqMJkcFRU
[2019-12-18T22:13:13.683] [TRACE] user -  gxlself建立连接 ====== just is connect
[2019-12-18T22:13:23.594] [TRACE] request - 请求进入host ===== 192.168.0.106:2039
[2019-12-18T22:13:23.594] [TRACE] request - 请求进入referer ===== undefined
[2019-12-18T22:13:23.594] [TRACE] request - 请求进入user-agent ===== Mozilla/5.0 (iPhone; CPU iPhone OS 11_0 like Mac OS X) AppleWebKit/604.1.38 (KHTML, like Gecko) Version/11.0 Mobile/15A372 Safari/604.1
[2019-12-18T22:13:23.595] [INFO] token - 登录SQL执行 ====== SELECT a_token,username FROM m_token WHERE token='1Fzqae1Yo67Klpz2SuWqd-IbPO4CAMt6omsqMJkcFRU'
[2019-12-18T22:13:23.595] [INFO] token - 校验token ====== 1Fzqae1Yo67Klpz2SuWqd-IbPO4CAMt6omsqMJkcFRU
[2019-12-18T22:13:23.605] [TRACE] user -  gxlself建立连接 ====== just is connect
[2019-12-18T22:13:23.655] [TRACE] chat - gxlself发送消息成功SQL ====== INSERT INTO m_cache_chat (from_user, to_user, chat_type, chat_content, chat_content_type, group_id, timestamp) VALUES('gxlself', '', 'groupChat', '你好啊', 'text', 1, 1576678403653)
[2019-12-18T22:13:23.670] [ERROR] chat - gxlself发送消息失败 ====== ER_TRUNCATED_WRONG_VALUE_FOR_FIELD: Incorrect integer value: 'groupChat' for column 'chat_type' at row 1
[2019-12-18T22:18:58.659] [TRACE] request - 服务开启 port - 2039
[2019-12-18T22:18:59.001] [TRACE] request - 请求进入host ===== 192.168.0.106:2039
[2019-12-18T22:18:59.001] [TRACE] request - 请求进入referer ===== undefined
[2019-12-18T22:18:59.001] [TRACE] request - 请求进入user-agent ===== Mozilla/5.0 (iPhone; CPU iPhone OS 11_0 like Mac OS X) AppleWebKit/604.1.38 (KHTML, like Gecko) Version/11.0 Mobile/15A372 Safari/604.1
[2019-12-18T22:18:59.001] [INFO] token - 登录SQL执行 ====== SELECT a_token,username FROM m_token WHERE token='1Fzqae1Yo67Klpz2SuWqd-IbPO4CAMt6omsqMJkcFRU'
[2019-12-18T22:18:59.004] [INFO] token - 校验token ====== 1Fzqae1Yo67Klpz2SuWqd-IbPO4CAMt6omsqMJkcFRU
[2019-12-18T22:18:59.135] [TRACE] user -  gxlself建立连接 ====== just is connect
[2019-12-18T22:19:03.834] [TRACE] request - 请求进入host ===== 192.168.0.106:2039
[2019-12-18T22:19:03.834] [TRACE] request - 请求进入referer ===== undefined
[2019-12-18T22:19:03.834] [TRACE] request - 请求进入user-agent ===== Mozilla/5.0 (iPhone; CPU iPhone OS 11_0 like Mac OS X) AppleWebKit/604.1.38 (KHTML, like Gecko) Version/11.0 Mobile/15A372 Safari/604.1
[2019-12-18T22:19:03.835] [INFO] token - 登录SQL执行 ====== SELECT a_token,username FROM m_token WHERE token='1Fzqae1Yo67Klpz2SuWqd-IbPO4CAMt6omsqMJkcFRU'
[2019-12-18T22:19:03.835] [INFO] token - 校验token ====== 1Fzqae1Yo67Klpz2SuWqd-IbPO4CAMt6omsqMJkcFRU
[2019-12-18T22:19:03.844] [TRACE] user -  gxlself建立连接 ====== just is connect
[2019-12-18T22:19:03.868] [TRACE] chat - gxlself发送消息成功SQL ====== INSERT INTO m_cache_chat (from_user, to_user, chat_type, chat_content, chat_content_type, group_id, timestamp) VALUES('gxlself', '', 'groupChat', '我的文档', 'text', 1, Wed Dec 18 2019 22:19:03 GMT+0800 (中国标准时间))
[2019-12-18T22:19:03.910] [ERROR] chat - gxlself发送消息失败 ====== ER_PARSE_ERROR: You have an error in your SQL syntax; check the manual that corresponds to your MySQL server version for the right syntax to use near 'Dec 18 2019 22:19:03 GMT+0800 (中国标准时间))' at line 1
[2019-12-18T22:22:44.371] [TRACE] request - 服务开启 port - 2039
[2019-12-18T22:22:44.771] [TRACE] request - 请求进入host ===== 192.168.0.106:2039
[2019-12-18T22:22:44.771] [TRACE] request - 请求进入referer ===== undefined
[2019-12-18T22:22:44.771] [TRACE] request - 请求进入user-agent ===== Mozilla/5.0 (iPhone; CPU iPhone OS 11_0 like Mac OS X) AppleWebKit/604.1.38 (KHTML, like Gecko) Version/11.0 Mobile/15A372 Safari/604.1
[2019-12-18T22:22:44.771] [INFO] token - 登录SQL执行 ====== SELECT a_token,username FROM m_token WHERE token='1Fzqae1Yo67Klpz2SuWqd-IbPO4CAMt6omsqMJkcFRU'
[2019-12-18T22:22:44.771] [INFO] token - 校验token ====== 1Fzqae1Yo67Klpz2SuWqd-IbPO4CAMt6omsqMJkcFRU
[2019-12-18T22:22:44.893] [TRACE] user -  gxlself建立连接 ====== just is connect
[2019-12-18T22:22:57.065] [TRACE] chat - gxlself发送消息成功SQL ====== INSERT INTO m_cache_chat (from_user, to_user, chat_type, chat_content, chat_content_type, group_id, timestamp) VALUES('gxlself', '', 'groupChat', '礼好啊', 'text', 1, function () {
  let d = new Date()
  let year = d.getFullYear()
  let mon = checkSingle(d.getMonth() + 1)
  let day = checkSingle(d.getDate())
  let hour = checkSingle(d.getHours())
  let min = checkSingle(d.getMinutes())
  let sec = checkSingle(d.getSeconds())

  return `${year}-${mon}-${day} ${hour}:${min}:${sec}`
})
[2019-12-18T22:22:57.083] [ERROR] chat - gxlself发送消息失败 ====== ER_PARSE_ERROR: You have an error in your SQL syntax; check the manual that corresponds to your MySQL server version for the right syntax to use near '() {
  let d = new Date()
  let year = d.getFullYear()
  let mon = checkSingl' at line 1
[2019-12-18T22:23:05.824] [TRACE] chat - gxlself发送消息成功SQL ====== INSERT INTO m_cache_chat (from_user, to_user, chat_type, chat_content, chat_content_type, group_id, timestamp) VALUES('gxlself', '', 'groupChat', '我是香港话了', 'text', 1, function () {
  let d = new Date()
  let year = d.getFullYear()
  let mon = checkSingle(d.getMonth() + 1)
  let day = checkSingle(d.getDate())
  let hour = checkSingle(d.getHours())
  let min = checkSingle(d.getMinutes())
  let sec = checkSingle(d.getSeconds())

  return `${year}-${mon}-${day} ${hour}:${min}:${sec}`
})
[2019-12-18T22:23:05.828] [ERROR] chat - gxlself发送消息失败 ====== ER_PARSE_ERROR: You have an error in your SQL syntax; check the manual that corresponds to your MySQL server version for the right syntax to use near '() {
  let d = new Date()
  let year = d.getFullYear()
  let mon = checkSingl' at line 1
[2019-12-18T22:23:26.867] [TRACE] request - 服务开启 port - 2039
[2019-12-18T22:23:27.288] [TRACE] request - 请求进入host ===== 192.168.0.106:2039
[2019-12-18T22:23:27.288] [TRACE] request - 请求进入referer ===== undefined
[2019-12-18T22:23:27.288] [TRACE] request - 请求进入user-agent ===== Mozilla/5.0 (iPhone; CPU iPhone OS 11_0 like Mac OS X) AppleWebKit/604.1.38 (KHTML, like Gecko) Version/11.0 Mobile/15A372 Safari/604.1
[2019-12-18T22:23:27.288] [INFO] token - 登录SQL执行 ====== SELECT a_token,username FROM m_token WHERE token='1Fzqae1Yo67Klpz2SuWqd-IbPO4CAMt6omsqMJkcFRU'
[2019-12-18T22:23:27.288] [INFO] token - 校验token ====== 1Fzqae1Yo67Klpz2SuWqd-IbPO4CAMt6omsqMJkcFRU
[2019-12-18T22:23:27.378] [TRACE] user -  gxlself建立连接 ====== just is connect
[2019-12-18T22:23:41.124] [TRACE] chat - gxlself发送消息成功SQL ====== INSERT INTO m_cache_chat (from_user, to_user, chat_type, chat_content, chat_content_type, group_id, timestamp) VALUES('gxlself', '', 'groupChat', '列好啊', 'text', 1, 'function () {
  let d = new Date()
  let year = d.getFullYear()
  let mon = checkSingle(d.getMonth() + 1)
  let day = checkSingle(d.getDate())
  let hour = checkSingle(d.getHours())
  let min = checkSingle(d.getMinutes())
  let sec = checkSingle(d.getSeconds())

  return `${year}-${mon}-${day} ${hour}:${min}:${sec}`
}')
[2019-12-18T22:23:41.144] [ERROR] chat - gxlself发送消息失败 ====== ER_TRUNCATED_WRONG_VALUE: Incorrect datetime value: 'function () {
  let d = new Date()
  let year = d.getFullYear()
  let mon = checkSingle(d.getMonth() + 1)
  let day = checkS' for column 'timestamp' at row 1
[2019-12-18T22:23:50.775] [TRACE] chat - gxlself发送消息成功SQL ====== INSERT INTO m_cache_chat (from_user, to_user, chat_type, chat_content, chat_content_type, group_id, timestamp) VALUES('gxlself', '', 'groupChat', '这里是自由聊天室啊', 'text', 1, 'function () {
  let d = new Date()
  let year = d.getFullYear()
  let mon = checkSingle(d.getMonth() + 1)
  let day = checkSingle(d.getDate())
  let hour = checkSingle(d.getHours())
  let min = checkSingle(d.getMinutes())
  let sec = checkSingle(d.getSeconds())

  return `${year}-${mon}-${day} ${hour}:${min}:${sec}`
}')
[2019-12-18T22:23:50.777] [ERROR] chat - gxlself发送消息失败 ====== ER_TRUNCATED_WRONG_VALUE: Incorrect datetime value: 'function () {
  let d = new Date()
  let year = d.getFullYear()
  let mon = checkSingle(d.getMonth() + 1)
  let day = checkS' for column 'timestamp' at row 1
[2019-12-18T22:24:47.945] [TRACE] request - 服务开启 port - 2039
[2019-12-18T22:24:48.024] [TRACE] request - 请求进入host ===== 192.168.0.106:2039
[2019-12-18T22:24:48.025] [TRACE] request - 请求进入referer ===== undefined
[2019-12-18T22:24:48.025] [TRACE] request - 请求进入user-agent ===== Mozilla/5.0 (iPhone; CPU iPhone OS 11_0 like Mac OS X) AppleWebKit/604.1.38 (KHTML, like Gecko) Version/11.0 Mobile/15A372 Safari/604.1
[2019-12-18T22:24:48.025] [INFO] token - 登录SQL执行 ====== SELECT a_token,username FROM m_token WHERE token='1Fzqae1Yo67Klpz2SuWqd-IbPO4CAMt6omsqMJkcFRU'
[2019-12-18T22:24:48.025] [INFO] token - 校验token ====== 1Fzqae1Yo67Klpz2SuWqd-IbPO4CAMt6omsqMJkcFRU
[2019-12-18T22:24:48.129] [TRACE] user -  gxlself建立连接 ====== just is connect
[2019-12-18T22:24:57.035] [TRACE] chat - gxlself发送消息成功SQL ====== INSERT INTO m_cache_chat (from_user, to_user, chat_type, chat_content, chat_content_type, group_id, timestamp) VALUES('gxlself', '', 'groupChat', '有傻逼了', 'text', 1, '2019-12-18 22:24:47')
[2019-12-18T22:25:11.445] [TRACE] chat - gxlself发送消息成功SQL ====== INSERT INTO m_cache_chat (from_user, to_user, chat_type, chat_content, chat_content_type, group_id, timestamp) VALUES('gxlself', '', 'groupChat', '有内鬼  终止交易', 'text', 1, '2019-12-18 22:24:47')
